2024-11-09T05:15:58+00:00 INFO Payment gateway enabled: "Trả tiền mặt khi nhận hàng"
2024-11-09T05:25:33+00:00 INFO Payment gateway enabled: "Trả tiền mặt khi nhận hàng"
2024-11-09T05:26:57+00:00 INFO Payment gateway enabled: "Chuyển khoản ngân hàng"
2024-11-09T05:27:31+00:00 INFO Payment gateway enabled: "Bancontact (via PayPal)"
2024-11-09T06:20:20+00:00 WARNING Các mẫu trống nhận được từ PTK Pattern Store
2024-11-09T06:20:24+00:00 WARNING Các mẫu trống nhận được từ PTK Pattern Store
2024-11-09T06:20:31+00:00 WARNING Các mẫu trống nhận được từ PTK Pattern Store
2024-11-09T06:20:42+00:00 WARNING Các mẫu trống nhận được từ PTK Pattern Store
2024-11-09T06:20:50+00:00 WARNING Các mẫu trống nhận được từ PTK Pattern Store
2024-11-09T06:20:58+00:00 WARNING Các mẫu trống nhận được từ PTK Pattern Store
2024-11-09T06:20:58+00:00 WARNING Các mẫu trống nhận được từ PTK Pattern Store
2024-11-09T07:56:47+00:00 WARNING Các mẫu trống nhận được từ PTK Pattern Store
2024-11-09T07:56:49+00:00 WARNING Các mẫu trống nhận được từ PTK Pattern Store
2024-11-09T07:56:49+00:00 WARNING Các mẫu trống nhận được từ PTK Pattern Store
2024-11-09T07:56:50+00:00 WARNING Các mẫu trống nhận được từ PTK Pattern Store
2024-11-09T07:56:50+00:00 WARNING Các mẫu trống nhận được từ PTK Pattern Store
2024-11-09T07:56:52+00:00 WARNING Các mẫu trống nhận được từ PTK Pattern Store
2024-11-09T07:57:02+00:00 WARNING Các mẫu trống nhận được từ PTK Pattern Store
2024-11-09T07:57:04+00:00 WARNING Các mẫu trống nhận được từ PTK Pattern Store
2024-11-09T07:57:11+00:00 WARNING Các mẫu trống nhận được từ PTK Pattern Store
2024-11-09T07:57:22+00:00 WARNING Các mẫu trống nhận được từ PTK Pattern Store
2024-11-09T07:57:27+00:00 WARNING Các mẫu trống nhận được từ PTK Pattern Store
2024-11-09T07:57:31+00:00 WARNING Các mẫu trống nhận được từ PTK Pattern Store
2024-11-09T07:57:32+00:00 WARNING Các mẫu trống nhận được từ PTK Pattern Store
2024-11-09T07:57:32+00:00 WARNING Các mẫu trống nhận được từ PTK Pattern Store
2024-11-09T07:57:32+00:00 WARNING Các mẫu trống nhận được từ PTK Pattern Store
2024-11-09T07:57:37+00:00 WARNING Các mẫu trống nhận được từ PTK Pattern Store
2024-11-09T07:57:41+00:00 WARNING Các mẫu trống nhận được từ PTK Pattern Store
2024-11-09T07:57:43+00:00 WARNING Các mẫu trống nhận được từ PTK Pattern Store
2024-11-09T07:57:44+00:00 WARNING Các mẫu trống nhận được từ PTK Pattern Store
2024-11-09T07:57:47+00:00 WARNING Các mẫu trống nhận được từ PTK Pattern Store
2024-11-09T07:57:49+00:00 WARNING Các mẫu trống nhận được từ PTK Pattern Store
2024-11-09T07:57:49+00:00 WARNING Các mẫu trống nhận được từ PTK Pattern Store
2024-11-09T07:57:50+00:00 WARNING Các mẫu trống nhận được từ PTK Pattern Store
2024-11-09T07:57:53+00:00 WARNING Các mẫu trống nhận được từ PTK Pattern Store
2024-11-09T07:57:53+00:00 WARNING Các mẫu trống nhận được từ PTK Pattern Store
2024-11-09T07:57:55+00:00 WARNING Các mẫu trống nhận được từ PTK Pattern Store
2024-11-09T07:57:56+00:00 WARNING Các mẫu trống nhận được từ PTK Pattern Store
2024-11-09T07:57:56+00:00 WARNING Các mẫu trống nhận được từ PTK Pattern Store
2024-11-09T07:58:06+00:00 WARNING Các mẫu trống nhận được từ PTK Pattern Store
2024-11-09T07:58:11+00:00 WARNING Các mẫu trống nhận được từ PTK Pattern Store
2024-11-09T07:58:12+00:00 WARNING Các mẫu trống nhận được từ PTK Pattern Store
2024-11-09T07:58:14+00:00 WARNING Các mẫu trống nhận được từ PTK Pattern Store
2024-11-09T07:58:22+00:00 WARNING Các mẫu trống nhận được từ PTK Pattern Store
2024-11-09T07:58:22+00:00 WARNING Các mẫu trống nhận được từ PTK Pattern Store
2024-11-09T07:58:32+00:00 WARNING Các mẫu trống nhận được từ PTK Pattern Store
2024-11-09T07:58:37+00:00 WARNING Các mẫu trống nhận được từ PTK Pattern Store
2024-11-09T07:58:38+00:00 WARNING Các mẫu trống nhận được từ PTK Pattern Store
2024-11-09T07:58:45+00:00 WARNING Các mẫu trống nhận được từ PTK Pattern Store
2024-11-09T07:58:45+00:00 WARNING Các mẫu trống nhận được từ PTK Pattern Store
2024-11-09T07:58:50+00:00 WARNING Các mẫu trống nhận được từ PTK Pattern Store
2024-11-09T07:58:51+00:00 WARNING Các mẫu trống nhận được từ PTK Pattern Store
2024-11-09T07:58:51+00:00 WARNING Các mẫu trống nhận được từ PTK Pattern Store
2024-11-09T07:58:56+00:00 WARNING Các mẫu trống nhận được từ PTK Pattern Store
2024-11-09T07:58:56+00:00 WARNING Các mẫu trống nhận được từ PTK Pattern Store
2024-11-09T07:58:57+00:00 WARNING Các mẫu trống nhận được từ PTK Pattern Store
2024-11-09T07:59:01+00:00 WARNING Các mẫu trống nhận được từ PTK Pattern Store
2024-11-09T07:59:01+00:00 WARNING Các mẫu trống nhận được từ PTK Pattern Store
2024-11-09T07:59:10+00:00 WARNING Các mẫu trống nhận được từ PTK Pattern Store
2024-11-09T07:59:16+00:00 WARNING Các mẫu trống nhận được từ PTK Pattern Store
2024-11-09T07:59:17+00:00 WARNING Các mẫu trống nhận được từ PTK Pattern Store
2024-11-09T07:59:21+00:00 WARNING Các mẫu trống nhận được từ PTK Pattern Store
2024-11-09T07:59:38+00:00 WARNING Các mẫu trống nhận được từ PTK Pattern Store
2024-11-09T07:59:44+00:00 WARNING Các mẫu trống nhận được từ PTK Pattern Store
2024-11-09T07:59:51+00:00 WARNING Các mẫu trống nhận được từ PTK Pattern Store
2024-11-09T07:59:51+00:00 WARNING Các mẫu trống nhận được từ PTK Pattern Store
2024-11-09T07:59:53+00:00 WARNING Các mẫu trống nhận được từ PTK Pattern Store
2024-11-09T07:59:53+00:00 WARNING Các mẫu trống nhận được từ PTK Pattern Store
2024-11-09T07:59:53+00:00 WARNING Các mẫu trống nhận được từ PTK Pattern Store
2024-11-09T07:59:54+00:00 WARNING Các mẫu trống nhận được từ PTK Pattern Store
2024-11-09T08:00:01+00:00 WARNING Các mẫu trống nhận được từ PTK Pattern Store
2024-11-09T08:00:02+00:00 WARNING Các mẫu trống nhận được từ PTK Pattern Store
2024-11-09T08:00:06+00:00 WARNING Các mẫu trống nhận được từ PTK Pattern Store
2024-11-09T08:00:07+00:00 WARNING Các mẫu trống nhận được từ PTK Pattern Store
2024-11-09T08:00:09+00:00 WARNING Các mẫu trống nhận được từ PTK Pattern Store
2024-11-09T08:00:10+00:00 WARNING Các mẫu trống nhận được từ PTK Pattern Store
2024-11-09T08:00:11+00:00 WARNING Các mẫu trống nhận được từ PTK Pattern Store
2024-11-09T08:00:11+00:00 WARNING Các mẫu trống nhận được từ PTK Pattern Store
2024-11-09T08:00:11+00:00 WARNING Các mẫu trống nhận được từ PTK Pattern Store
2024-11-09T08:00:12+00:00 WARNING Các mẫu trống nhận được từ PTK Pattern Store
2024-11-09T08:00:12+00:00 WARNING Các mẫu trống nhận được từ PTK Pattern Store
2024-11-09T08:00:12+00:00 WARNING Các mẫu trống nhận được từ PTK Pattern Store
2024-11-09T08:00:13+00:00 WARNING Các mẫu trống nhận được từ PTK Pattern Store
2024-11-09T08:00:13+00:00 WARNING Các mẫu trống nhận được từ PTK Pattern Store
2024-11-09T08:00:15+00:00 WARNING Các mẫu trống nhận được từ PTK Pattern Store
2024-11-09T08:00:15+00:00 WARNING Các mẫu trống nhận được từ PTK Pattern Store
2024-11-09T08:00:16+00:00 WARNING Các mẫu trống nhận được từ PTK Pattern Store
2024-11-09T08:00:20+00:00 WARNING Các mẫu trống nhận được từ PTK Pattern Store
2024-11-09T08:00:21+00:00 WARNING Các mẫu trống nhận được từ PTK Pattern Store
2024-11-09T08:00:23+00:00 WARNING Các mẫu trống nhận được từ PTK Pattern Store
2024-11-09T08:00:28+00:00 WARNING Các mẫu trống nhận được từ PTK Pattern Store
2024-11-09T08:00:28+00:00 WARNING Các mẫu trống nhận được từ PTK Pattern Store
2024-11-09T08:00:29+00:00 WARNING Các mẫu trống nhận được từ PTK Pattern Store
2024-11-09T08:00:29+00:00 WARNING Các mẫu trống nhận được từ PTK Pattern Store
2024-11-09T08:00:29+00:00 WARNING Các mẫu trống nhận được từ PTK Pattern Store
2024-11-09T08:00:29+00:00 WARNING Các mẫu trống nhận được từ PTK Pattern Store
2024-11-09T08:00:29+00:00 WARNING Các mẫu trống nhận được từ PTK Pattern Store
2024-11-09T08:00:30+00:00 WARNING Các mẫu trống nhận được từ PTK Pattern Store
2024-11-09T08:00:30+00:00 WARNING Các mẫu trống nhận được từ PTK Pattern Store
2024-11-09T08:00:30+00:00 WARNING Các mẫu trống nhận được từ PTK Pattern Store
2024-11-09T08:00:30+00:00 WARNING Các mẫu trống nhận được từ PTK Pattern Store
2024-11-09T08:00:33+00:00 WARNING Các mẫu trống nhận được từ PTK Pattern Store
2024-11-09T08:00:36+00:00 WARNING Các mẫu trống nhận được từ PTK Pattern Store
2024-11-09T08:00:41+00:00 WARNING Các mẫu trống nhận được từ PTK Pattern Store
2024-11-09T08:00:41+00:00 WARNING Các mẫu trống nhận được từ PTK Pattern Store
2024-11-09T08:00:41+00:00 WARNING Các mẫu trống nhận được từ PTK Pattern Store
2024-11-09T08:00:41+00:00 WARNING Các mẫu trống nhận được từ PTK Pattern Store
2024-11-09T08:00:42+00:00 WARNING Các mẫu trống nhận được từ PTK Pattern Store
2024-11-09T08:00:44+00:00 WARNING Các mẫu trống nhận được từ PTK Pattern Store
2024-11-09T08:00:50+00:00 WARNING Các mẫu trống nhận được từ PTK Pattern Store
2024-11-09T08:00:52+00:00 WARNING Các mẫu trống nhận được từ PTK Pattern Store
2024-11-09T08:00:52+00:00 WARNING Các mẫu trống nhận được từ PTK Pattern Store
2024-11-09T08:00:53+00:00 WARNING Các mẫu trống nhận được từ PTK Pattern Store
2024-11-09T08:00:55+00:00 WARNING Các mẫu trống nhận được từ PTK Pattern Store
2024-11-09T08:00:57+00:00 WARNING Các mẫu trống nhận được từ PTK Pattern Store
2024-11-09T08:00:57+00:00 WARNING Các mẫu trống nhận được từ PTK Pattern Store
2024-11-09T08:00:57+00:00 WARNING Các mẫu trống nhận được từ PTK Pattern Store
2024-11-09T08:00:58+00:00 WARNING Các mẫu trống nhận được từ PTK Pattern Store
2024-11-09T08:00:58+00:00 WARNING Các mẫu trống nhận được từ PTK Pattern Store
2024-11-09T08:00:59+00:00 WARNING Các mẫu trống nhận được từ PTK Pattern Store
2024-11-09T08:01:10+00:00 WARNING Các mẫu trống nhận được từ PTK Pattern Store
2024-11-09T08:01:11+00:00 WARNING Các mẫu trống nhận được từ PTK Pattern Store
2024-11-09T08:01:22+00:00 WARNING Các mẫu trống nhận được từ PTK Pattern Store
2024-11-09T08:01:28+00:00 WARNING Các mẫu trống nhận được từ PTK Pattern Store
2024-11-09T08:01:29+00:00 WARNING Các mẫu trống nhận được từ PTK Pattern Store
2024-11-09T08:01:30+00:00 WARNING Các mẫu trống nhận được từ PTK Pattern Store
2024-11-09T08:01:31+00:00 WARNING Các mẫu trống nhận được từ PTK Pattern Store
2024-11-09T08:01:31+00:00 WARNING Các mẫu trống nhận được từ PTK Pattern Store
2024-11-09T08:01:31+00:00 WARNING Các mẫu trống nhận được từ PTK Pattern Store
2024-11-09T08:01:31+00:00 WARNING Các mẫu trống nhận được từ PTK Pattern Store
2024-11-09T08:01:31+00:00 WARNING Các mẫu trống nhận được từ PTK Pattern Store
2024-11-09T08:01:31+00:00 WARNING Các mẫu trống nhận được từ PTK Pattern Store
2024-11-09T08:01:32+00:00 WARNING Các mẫu trống nhận được từ PTK Pattern Store
2024-11-09T08:01:32+00:00 WARNING Các mẫu trống nhận được từ PTK Pattern Store
2024-11-09T08:01:32+00:00 WARNING Các mẫu trống nhận được từ PTK Pattern Store
2024-11-09T08:01:33+00:00 WARNING Các mẫu trống nhận được từ PTK Pattern Store
2024-11-09T08:01:33+00:00 WARNING Các mẫu trống nhận được từ PTK Pattern Store
2024-11-09T08:01:33+00:00 WARNING Các mẫu trống nhận được từ PTK Pattern Store
2024-11-09T08:01:33+00:00 WARNING Các mẫu trống nhận được từ PTK Pattern Store
2024-11-09T08:01:33+00:00 WARNING Các mẫu trống nhận được từ PTK Pattern Store
2024-11-09T08:01:33+00:00 WARNING Các mẫu trống nhận được từ PTK Pattern Store
2024-11-09T08:01:34+00:00 WARNING Các mẫu trống nhận được từ PTK Pattern Store
2024-11-09T08:01:34+00:00 WARNING Các mẫu trống nhận được từ PTK Pattern Store
2024-11-09T08:01:35+00:00 WARNING Các mẫu trống nhận được từ PTK Pattern Store
2024-11-09T08:01:37+00:00 WARNING Các mẫu trống nhận được từ PTK Pattern Store
2024-11-09T08:01:38+00:00 WARNING Các mẫu trống nhận được từ PTK Pattern Store
2024-11-09T08:01:50+00:00 WARNING Các mẫu trống nhận được từ PTK Pattern Store
2024-11-09T08:02:06+00:00 WARNING Các mẫu trống nhận được từ PTK Pattern Store
2024-11-09T08:02:06+00:00 WARNING Các mẫu trống nhận được từ PTK Pattern Store
2024-11-09T08:02:11+00:00 WARNING Các mẫu trống nhận được từ PTK Pattern Store
2024-11-09T08:02:21+00:00 WARNING Các mẫu trống nhận được từ PTK Pattern Store
2024-11-09T08:02:31+00:00 WARNING Các mẫu trống nhận được từ PTK Pattern Store
2024-11-09T08:02:31+00:00 WARNING Các mẫu trống nhận được từ PTK Pattern Store
2024-11-09T08:02:49+00:00 WARNING Các mẫu trống nhận được từ PTK Pattern Store
2024-11-09T08:03:31+00:00 WARNING Các mẫu trống nhận được từ PTK Pattern Store
2024-11-09T08:03:31+00:00 WARNING Các mẫu trống nhận được từ PTK Pattern Store
2024-11-09T08:03:32+00:00 WARNING Các mẫu trống nhận được từ PTK Pattern Store
2024-11-09T08:03:32+00:00 WARNING Các mẫu trống nhận được từ PTK Pattern Store
2024-11-09T08:03:44+00:00 WARNING Các mẫu trống nhận được từ PTK Pattern Store
2024-11-09T08:03:56+00:00 WARNING Các mẫu trống nhận được từ PTK Pattern Store
2024-11-09T08:03:56+00:00 WARNING Các mẫu trống nhận được từ PTK Pattern Store
2024-11-09T08:03:57+00:00 WARNING Các mẫu trống nhận được từ PTK Pattern Store
2024-11-09T08:03:57+00:00 WARNING Các mẫu trống nhận được từ PTK Pattern Store
2024-11-09T08:03:57+00:00 WARNING Các mẫu trống nhận được từ PTK Pattern Store
2024-11-09T08:03:57+00:00 WARNING Các mẫu trống nhận được từ PTK Pattern Store
2024-11-09T08:03:57+00:00 WARNING Các mẫu trống nhận được từ PTK Pattern Store
2024-11-09T08:03:58+00:00 WARNING Các mẫu trống nhận được từ PTK Pattern Store
2024-11-09T08:04:00+00:00 WARNING Các mẫu trống nhận được từ PTK Pattern Store
2024-11-09T08:04:01+00:00 WARNING Các mẫu trống nhận được từ PTK Pattern Store
2024-11-09T08:04:13+00:00 WARNING Các mẫu trống nhận được từ PTK Pattern Store
2024-11-09T08:04:14+00:00 WARNING Các mẫu trống nhận được từ PTK Pattern Store
2024-11-09T08:04:16+00:00 WARNING Các mẫu trống nhận được từ PTK Pattern Store
2024-11-09T08:04:16+00:00 WARNING Các mẫu trống nhận được từ PTK Pattern Store
2024-11-09T08:04:17+00:00 WARNING Các mẫu trống nhận được từ PTK Pattern Store
2024-11-09T08:04:22+00:00 WARNING Các mẫu trống nhận được từ PTK Pattern Store
2024-11-09T08:04:24+00:00 WARNING Các mẫu trống nhận được từ PTK Pattern Store
2024-11-09T08:04:27+00:00 WARNING Các mẫu trống nhận được từ PTK Pattern Store
2024-11-09T08:04:32+00:00 WARNING Các mẫu trống nhận được từ PTK Pattern Store
2024-11-09T08:04:45+00:00 WARNING Các mẫu trống nhận được từ PTK Pattern Store
2024-11-09T08:04:46+00:00 WARNING Các mẫu trống nhận được từ PTK Pattern Store
2024-11-09T08:04:47+00:00 WARNING Các mẫu trống nhận được từ PTK Pattern Store
2024-11-09T08:04:49+00:00 WARNING Các mẫu trống nhận được từ PTK Pattern Store
2024-11-09T08:04:54+00:00 WARNING Các mẫu trống nhận được từ PTK Pattern Store
2024-11-09T08:04:55+00:00 WARNING Các mẫu trống nhận được từ PTK Pattern Store
2024-11-09T08:04:59+00:00 WARNING Các mẫu trống nhận được từ PTK Pattern Store
2024-11-09T08:05:13+00:00 WARNING Các mẫu trống nhận được từ PTK Pattern Store
2024-11-09T08:05:13+00:00 WARNING Các mẫu trống nhận được từ PTK Pattern Store
2024-11-09T08:05:15+00:00 WARNING Các mẫu trống nhận được từ PTK Pattern Store
2024-11-09T08:05:20+00:00 WARNING Các mẫu trống nhận được từ PTK Pattern Store
2024-11-09T08:05:21+00:00 WARNING Các mẫu trống nhận được từ PTK Pattern Store
2024-11-09T08:05:40+00:00 WARNING Các mẫu trống nhận được từ PTK Pattern Store
2024-11-09T08:05:41+00:00 WARNING Các mẫu trống nhận được từ PTK Pattern Store
2024-11-09T08:05:41+00:00 WARNING Các mẫu trống nhận được từ PTK Pattern Store
2024-11-09T08:05:41+00:00 WARNING Các mẫu trống nhận được từ PTK Pattern Store
2024-11-09T08:05:41+00:00 WARNING Các mẫu trống nhận được từ PTK Pattern Store
2024-11-09T08:05:42+00:00 WARNING Các mẫu trống nhận được từ PTK Pattern Store
2024-11-09T08:05:42+00:00 WARNING Các mẫu trống nhận được từ PTK Pattern Store
2024-11-09T08:05:42+00:00 WARNING Các mẫu trống nhận được từ PTK Pattern Store
2024-11-09T08:05:43+00:00 WARNING Các mẫu trống nhận được từ PTK Pattern Store
2024-11-09T08:05:43+00:00 WARNING Các mẫu trống nhận được từ PTK Pattern Store
2024-11-09T08:05:43+00:00 WARNING Các mẫu trống nhận được từ PTK Pattern Store
2024-11-09T08:05:43+00:00 WARNING Các mẫu trống nhận được từ PTK Pattern Store
2024-11-09T08:05:44+00:00 WARNING Các mẫu trống nhận được từ PTK Pattern Store
2024-11-09T08:05:45+00:00 WARNING Các mẫu trống nhận được từ PTK Pattern Store
2024-11-09T08:05:46+00:00 WARNING Các mẫu trống nhận được từ PTK Pattern Store
2024-11-09T08:05:47+00:00 WARNING Các mẫu trống nhận được từ PTK Pattern Store
2024-11-09T08:05:47+00:00 WARNING Các mẫu trống nhận được từ PTK Pattern Store
2024-11-09T08:05:47+00:00 WARNING Các mẫu trống nhận được từ PTK Pattern Store
2024-11-09T08:05:47+00:00 WARNING Các mẫu trống nhận được từ PTK Pattern Store
2024-11-09T08:05:48+00:00 WARNING Các mẫu trống nhận được từ PTK Pattern Store
2024-11-09T08:05:49+00:00 WARNING Các mẫu trống nhận được từ PTK Pattern Store
2024-11-09T08:05:49+00:00 WARNING Các mẫu trống nhận được từ PTK Pattern Store
2024-11-09T08:05:50+00:00 WARNING Các mẫu trống nhận được từ PTK Pattern Store
2024-11-09T08:05:50+00:00 WARNING Các mẫu trống nhận được từ PTK Pattern Store
2024-11-09T08:05:50+00:00 WARNING Các mẫu trống nhận được từ PTK Pattern Store
2024-11-09T08:05:50+00:00 WARNING Các mẫu trống nhận được từ PTK Pattern Store
2024-11-09T08:05:50+00:00 WARNING Các mẫu trống nhận được từ PTK Pattern Store
2024-11-09T08:05:51+00:00 WARNING Các mẫu trống nhận được từ PTK Pattern Store
2024-11-09T08:05:52+00:00 WARNING Các mẫu trống nhận được từ PTK Pattern Store
2024-11-09T08:06:14+00:00 WARNING Các mẫu trống nhận được từ PTK Pattern Store
2024-11-09T08:06:14+00:00 WARNING Các mẫu trống nhận được từ PTK Pattern Store
2024-11-09T08:06:15+00:00 WARNING Các mẫu trống nhận được từ PTK Pattern Store
2024-11-09T08:06:18+00:00 WARNING Các mẫu trống nhận được từ PTK Pattern Store
2024-11-09T08:06:22+00:00 WARNING Các mẫu trống nhận được từ PTK Pattern Store
2024-11-09T08:06:22+00:00 WARNING Các mẫu trống nhận được từ PTK Pattern Store
2024-11-09T08:06:23+00:00 WARNING Các mẫu trống nhận được từ PTK Pattern Store
2024-11-09T08:06:24+00:00 WARNING Các mẫu trống nhận được từ PTK Pattern Store
2024-11-09T08:06:24+00:00 WARNING Các mẫu trống nhận được từ PTK Pattern Store
2024-11-09T08:06:31+00:00 WARNING Các mẫu trống nhận được từ PTK Pattern Store
2024-11-09T08:06:31+00:00 WARNING Các mẫu trống nhận được từ PTK Pattern Store
2024-11-09T08:06:35+00:00 WARNING Các mẫu trống nhận được từ PTK Pattern Store
2024-11-09T08:06:35+00:00 WARNING Các mẫu trống nhận được từ PTK Pattern Store
2024-11-09T08:06:37+00:00 WARNING Các mẫu trống nhận được từ PTK Pattern Store
2024-11-09T08:06:37+00:00 WARNING Các mẫu trống nhận được từ PTK Pattern Store
2024-11-09T08:06:37+00:00 WARNING Các mẫu trống nhận được từ PTK Pattern Store
2024-11-09T08:06:38+00:00 WARNING Các mẫu trống nhận được từ PTK Pattern Store
2024-11-09T08:06:41+00:00 WARNING Các mẫu trống nhận được từ PTK Pattern Store
2024-11-09T08:06:41+00:00 WARNING Các mẫu trống nhận được từ PTK Pattern Store
2024-11-09T08:06:41+00:00 WARNING Các mẫu trống nhận được từ PTK Pattern Store
2024-11-09T08:06:41+00:00 WARNING Các mẫu trống nhận được từ PTK Pattern Store
2024-11-09T08:06:42+00:00 WARNING Các mẫu trống nhận được từ PTK Pattern Store
2024-11-09T08:06:42+00:00 WARNING Các mẫu trống nhận được từ PTK Pattern Store
2024-11-09T08:06:42+00:00 WARNING Các mẫu trống nhận được từ PTK Pattern Store
2024-11-09T08:06:42+00:00 WARNING Các mẫu trống nhận được từ PTK Pattern Store
2024-11-09T08:06:49+00:00 WARNING Các mẫu trống nhận được từ PTK Pattern Store
2024-11-09T08:06:50+00:00 WARNING Các mẫu trống nhận được từ PTK Pattern Store
2024-11-09T08:06:53+00:00 WARNING Các mẫu trống nhận được từ PTK Pattern Store
2024-11-09T08:06:54+00:00 WARNING Các mẫu trống nhận được từ PTK Pattern Store
2024-11-09T08:06:56+00:00 WARNING Các mẫu trống nhận được từ PTK Pattern Store
2024-11-09T08:06:57+00:00 WARNING Các mẫu trống nhận được từ PTK Pattern Store
2024-11-09T08:06:57+00:00 WARNING Các mẫu trống nhận được từ PTK Pattern Store
2024-11-09T08:06:58+00:00 WARNING Các mẫu trống nhận được từ PTK Pattern Store
2024-11-09T08:06:58+00:00 WARNING Các mẫu trống nhận được từ PTK Pattern Store
2024-11-09T08:06:59+00:00 WARNING Các mẫu trống nhận được từ PTK Pattern Store
2024-11-09T08:07:00+00:00 WARNING Các mẫu trống nhận được từ PTK Pattern Store
2024-11-09T08:07:01+00:00 WARNING Các mẫu trống nhận được từ PTK Pattern Store
2024-11-09T08:07:01+00:00 WARNING Các mẫu trống nhận được từ PTK Pattern Store
2024-11-09T08:07:03+00:00 WARNING Các mẫu trống nhận được từ PTK Pattern Store
2024-11-09T08:07:03+00:00 WARNING Các mẫu trống nhận được từ PTK Pattern Store
2024-11-09T08:07:03+00:00 WARNING Các mẫu trống nhận được từ PTK Pattern Store
2024-11-09T08:07:06+00:00 WARNING Các mẫu trống nhận được từ PTK Pattern Store
2024-11-09T08:07:06+00:00 WARNING Các mẫu trống nhận được từ PTK Pattern Store
2024-11-09T08:07:06+00:00 WARNING Các mẫu trống nhận được từ PTK Pattern Store
2024-11-09T08:07:12+00:00 WARNING Các mẫu trống nhận được từ PTK Pattern Store
2024-11-09T08:07:12+00:00 WARNING Các mẫu trống nhận được từ PTK Pattern Store
2024-11-09T08:07:15+00:00 WARNING Các mẫu trống nhận được từ PTK Pattern Store
2024-11-09T08:07:31+00:00 WARNING Các mẫu trống nhận được từ PTK Pattern Store
2024-11-09T08:07:31+00:00 WARNING Các mẫu trống nhận được từ PTK Pattern Store
2024-11-09T08:07:34+00:00 WARNING Các mẫu trống nhận được từ PTK Pattern Store
2024-11-09T08:07:34+00:00 WARNING Các mẫu trống nhận được từ PTK Pattern Store
2024-11-09T08:07:35+00:00 WARNING Các mẫu trống nhận được từ PTK Pattern Store
2024-11-09T08:07:35+00:00 WARNING Các mẫu trống nhận được từ PTK Pattern Store
2024-11-09T08:07:35+00:00 WARNING Các mẫu trống nhận được từ PTK Pattern Store
2024-11-09T08:07:35+00:00 WARNING Các mẫu trống nhận được từ PTK Pattern Store
2024-11-09T08:07:35+00:00 WARNING Các mẫu trống nhận được từ PTK Pattern Store
2024-11-09T08:07:36+00:00 WARNING Các mẫu trống nhận được từ PTK Pattern Store
2024-11-09T08:07:36+00:00 WARNING Các mẫu trống nhận được từ PTK Pattern Store
2024-11-09T08:07:36+00:00 WARNING Các mẫu trống nhận được từ PTK Pattern Store
2024-11-09T08:07:36+00:00 WARNING Các mẫu trống nhận được từ PTK Pattern Store
2024-11-09T08:07:36+00:00 WARNING Các mẫu trống nhận được từ PTK Pattern Store
2024-11-09T08:07:37+00:00 WARNING Các mẫu trống nhận được từ PTK Pattern Store
2024-11-09T08:07:37+00:00 WARNING Các mẫu trống nhận được từ PTK Pattern Store
2024-11-09T08:07:37+00:00 WARNING Các mẫu trống nhận được từ PTK Pattern Store
2024-11-09T08:07:40+00:00 WARNING Các mẫu trống nhận được từ PTK Pattern Store
2024-11-09T08:07:42+00:00 WARNING Các mẫu trống nhận được từ PTK Pattern Store
2024-11-09T08:07:42+00:00 WARNING Các mẫu trống nhận được từ PTK Pattern Store
2024-11-09T08:07:42+00:00 WARNING Các mẫu trống nhận được từ PTK Pattern Store
2024-11-09T08:07:42+00:00 WARNING Các mẫu trống nhận được từ PTK Pattern Store
2024-11-09T08:07:42+00:00 WARNING Các mẫu trống nhận được từ PTK Pattern Store
2024-11-09T08:07:42+00:00 WARNING Các mẫu trống nhận được từ PTK Pattern Store
2024-11-09T08:07:43+00:00 WARNING Các mẫu trống nhận được từ PTK Pattern Store
2024-11-09T08:07:47+00:00 WARNING Các mẫu trống nhận được từ PTK Pattern Store
2024-11-09T08:07:52+00:00 WARNING Các mẫu trống nhận được từ PTK Pattern Store
2024-11-09T08:07:52+00:00 WARNING Các mẫu trống nhận được từ PTK Pattern Store
2024-11-09T08:08:01+00:00 WARNING Các mẫu trống nhận được từ PTK Pattern Store
2024-11-09T08:08:19+00:00 WARNING Các mẫu trống nhận được từ PTK Pattern Store
2024-11-09T08:08:26+00:00 WARNING Các mẫu trống nhận được từ PTK Pattern Store
2024-11-09T08:08:33+00:00 WARNING Các mẫu trống nhận được từ PTK Pattern Store
2024-11-09T08:08:34+00:00 WARNING Các mẫu trống nhận được từ PTK Pattern Store
2024-11-09T08:08:59+00:00 WARNING Các mẫu trống nhận được từ PTK Pattern Store
2024-11-09T08:08:59+00:00 WARNING Các mẫu trống nhận được từ PTK Pattern Store
2024-11-09T08:09:09+00:00 WARNING Các mẫu trống nhận được từ PTK Pattern Store
2024-11-09T08:09:10+00:00 WARNING Các mẫu trống nhận được từ PTK Pattern Store
2024-11-09T08:09:16+00:00 WARNING Các mẫu trống nhận được từ PTK Pattern Store
2024-11-09T08:09:31+00:00 WARNING Các mẫu trống nhận được từ PTK Pattern Store
2024-11-09T08:09:35+00:00 WARNING Các mẫu trống nhận được từ PTK Pattern Store
2024-11-09T08:09:37+00:00 WARNING Các mẫu trống nhận được từ PTK Pattern Store
2024-11-09T08:09:39+00:00 WARNING Các mẫu trống nhận được từ PTK Pattern Store
2024-11-09T08:09:39+00:00 WARNING Các mẫu trống nhận được từ PTK Pattern Store
2024-11-09T08:09:40+00:00 WARNING Các mẫu trống nhận được từ PTK Pattern Store
2024-11-09T08:09:40+00:00 WARNING Các mẫu trống nhận được từ PTK Pattern Store
2024-11-09T08:09:40+00:00 WARNING Các mẫu trống nhận được từ PTK Pattern Store
2024-11-09T08:09:40+00:00 WARNING Các mẫu trống nhận được từ PTK Pattern Store
2024-11-09T08:09:40+00:00 WARNING Các mẫu trống nhận được từ PTK Pattern Store
2024-11-09T08:09:41+00:00 WARNING Các mẫu trống nhận được từ PTK Pattern Store
2024-11-09T08:09:41+00:00 WARNING Các mẫu trống nhận được từ PTK Pattern Store
2024-11-09T08:09:41+00:00 WARNING Các mẫu trống nhận được từ PTK Pattern Store
2024-11-09T08:09:41+00:00 WARNING Các mẫu trống nhận được từ PTK Pattern Store
2024-11-09T08:09:41+00:00 WARNING Các mẫu trống nhận được từ PTK Pattern Store
2024-11-09T08:09:42+00:00 WARNING Các mẫu trống nhận được từ PTK Pattern Store
2024-11-09T08:09:42+00:00 WARNING Các mẫu trống nhận được từ PTK Pattern Store
2024-11-09T08:09:42+00:00 WARNING Các mẫu trống nhận được từ PTK Pattern Store
2024-11-09T08:09:52+00:00 WARNING Các mẫu trống nhận được từ PTK Pattern Store
2024-11-09T08:09:53+00:00 WARNING Các mẫu trống nhận được từ PTK Pattern Store
2024-11-09T08:09:54+00:00 WARNING Các mẫu trống nhận được từ PTK Pattern Store
2024-11-09T08:10:01+00:00 WARNING Các mẫu trống nhận được từ PTK Pattern Store
2024-11-09T08:10:01+00:00 WARNING Các mẫu trống nhận được từ PTK Pattern Store
2024-11-09T08:10:02+00:00 WARNING Các mẫu trống nhận được từ PTK Pattern Store
2024-11-09T08:10:09+00:00 WARNING Các mẫu trống nhận được từ PTK Pattern Store
2024-11-09T08:10:29+00:00 WARNING Các mẫu trống nhận được từ PTK Pattern Store
2024-11-09T08:10:29+00:00 WARNING Các mẫu trống nhận được từ PTK Pattern Store
2024-11-09T08:10:30+00:00 WARNING Các mẫu trống nhận được từ PTK Pattern Store
2024-11-09T08:10:31+00:00 WARNING Các mẫu trống nhận được từ PTK Pattern Store
2024-11-09T08:10:37+00:00 WARNING Các mẫu trống nhận được từ PTK Pattern Store
2024-11-09T08:10:37+00:00 WARNING Các mẫu trống nhận được từ PTK Pattern Store
2024-11-09T08:10:38+00:00 WARNING Các mẫu trống nhận được từ PTK Pattern Store
2024-11-09T08:10:39+00:00 WARNING Các mẫu trống nhận được từ PTK Pattern Store
2024-11-09T08:10:41+00:00 WARNING Các mẫu trống nhận được từ PTK Pattern Store
2024-11-09T08:10:42+00:00 WARNING Các mẫu trống nhận được từ PTK Pattern Store
2024-11-09T08:10:53+00:00 WARNING Các mẫu trống nhận được từ PTK Pattern Store
2024-11-09T08:10:57+00:00 WARNING Các mẫu trống nhận được từ PTK Pattern Store
2024-11-09T08:10:57+00:00 WARNING Các mẫu trống nhận được từ PTK Pattern Store
2024-11-09T08:11:04+00:00 WARNING Các mẫu trống nhận được từ PTK Pattern Store
2024-11-09T08:11:06+00:00 WARNING Các mẫu trống nhận được từ PTK Pattern Store
2024-11-09T08:11:10+00:00 WARNING Các mẫu trống nhận được từ PTK Pattern Store
2024-11-09T08:11:18+00:00 WARNING Các mẫu trống nhận được từ PTK Pattern Store
2024-11-09T08:11:18+00:00 WARNING Các mẫu trống nhận được từ PTK Pattern Store
2024-11-09T08:11:29+00:00 WARNING Các mẫu trống nhận được từ PTK Pattern Store
2024-11-09T08:11:30+00:00 WARNING Các mẫu trống nhận được từ PTK Pattern Store
2024-11-09T08:11:37+00:00 WARNING Các mẫu trống nhận được từ PTK Pattern Store
2024-11-09T08:11:37+00:00 WARNING Các mẫu trống nhận được từ PTK Pattern Store
2024-11-09T08:11:38+00:00 WARNING Các mẫu trống nhận được từ PTK Pattern Store
2024-11-09T08:12:05+00:00 WARNING Các mẫu trống nhận được từ PTK Pattern Store
2024-11-09T08:12:05+00:00 WARNING Các mẫu trống nhận được từ PTK Pattern Store
2024-11-09T08:12:06+00:00 WARNING Các mẫu trống nhận được từ PTK Pattern Store
2024-11-09T08:12:08+00:00 WARNING Các mẫu trống nhận được từ PTK Pattern Store
2024-11-09T08:12:14+00:00 WARNING Các mẫu trống nhận được từ PTK Pattern Store
2024-11-09T08:12:14+00:00 WARNING Các mẫu trống nhận được từ PTK Pattern Store
2024-11-09T08:12:14+00:00 WARNING Các mẫu trống nhận được từ PTK Pattern Store
2024-11-09T08:12:14+00:00 WARNING Các mẫu trống nhận được từ PTK Pattern Store
2024-11-09T08:12:14+00:00 WARNING Các mẫu trống nhận được từ PTK Pattern Store
2024-11-09T08:12:15+00:00 WARNING Các mẫu trống nhận được từ PTK Pattern Store
2024-11-09T08:12:15+00:00 WARNING Các mẫu trống nhận được từ PTK Pattern Store
2024-11-09T08:12:15+00:00 WARNING Các mẫu trống nhận được từ PTK Pattern Store
2024-11-09T08:12:15+00:00 WARNING Các mẫu trống nhận được từ PTK Pattern Store
2024-11-09T08:12:15+00:00 WARNING Các mẫu trống nhận được từ PTK Pattern Store
2024-11-09T08:12:16+00:00 WARNING Các mẫu trống nhận được từ PTK Pattern Store
2024-11-09T08:12:23+00:00 WARNING Các mẫu trống nhận được từ PTK Pattern Store
2024-11-09T08:12:34+00:00 WARNING Các mẫu trống nhận được từ PTK Pattern Store
2024-11-09T08:12:34+00:00 WARNING Các mẫu trống nhận được từ PTK Pattern Store
2024-11-09T08:12:34+00:00 WARNING Các mẫu trống nhận được từ PTK Pattern Store
2024-11-09T08:12:34+00:00 WARNING Các mẫu trống nhận được từ PTK Pattern Store
2024-11-09T08:12:34+00:00 WARNING Các mẫu trống nhận được từ PTK Pattern Store
2024-11-09T08:12:37+00:00 WARNING Các mẫu trống nhận được từ PTK Pattern Store
2024-11-09T08:12:37+00:00 WARNING Các mẫu trống nhận được từ PTK Pattern Store
2024-11-09T08:12:37+00:00 WARNING Các mẫu trống nhận được từ PTK Pattern Store
2024-11-09T08:12:41+00:00 WARNING Các mẫu trống nhận được từ PTK Pattern Store
2024-11-09T08:12:42+00:00 WARNING Các mẫu trống nhận được từ PTK Pattern Store
2024-11-09T08:12:44+00:00 WARNING Các mẫu trống nhận được từ PTK Pattern Store
2024-11-09T08:12:48+00:00 WARNING Các mẫu trống nhận được từ PTK Pattern Store
2024-11-09T08:12:50+00:00 WARNING Các mẫu trống nhận được từ PTK Pattern Store
2024-11-09T08:12:50+00:00 WARNING Các mẫu trống nhận được từ PTK Pattern Store
2024-11-09T08:12:50+00:00 WARNING Các mẫu trống nhận được từ PTK Pattern Store
2024-11-09T08:12:51+00:00 WARNING Các mẫu trống nhận được từ PTK Pattern Store
2024-11-09T08:12:51+00:00 WARNING Các mẫu trống nhận được từ PTK Pattern Store
2024-11-09T08:12:51+00:00 WARNING Các mẫu trống nhận được từ PTK Pattern Store
2024-11-09T08:12:53+00:00 WARNING Các mẫu trống nhận được từ PTK Pattern Store
2024-11-09T08:12:57+00:00 WARNING Các mẫu trống nhận được từ PTK Pattern Store
2024-11-09T08:13:04+00:00 WARNING Các mẫu trống nhận được từ PTK Pattern Store
2024-11-09T08:13:04+00:00 WARNING Các mẫu trống nhận được từ PTK Pattern Store
2024-11-09T08:13:05+00:00 WARNING Các mẫu trống nhận được từ PTK Pattern Store
2024-11-09T08:13:05+00:00 WARNING Các mẫu trống nhận được từ PTK Pattern Store
2024-11-09T08:13:15+00:00 WARNING Các mẫu trống nhận được từ PTK Pattern Store
2024-11-09T08:13:24+00:00 WARNING Các mẫu trống nhận được từ PTK Pattern Store
2024-11-09T08:13:26+00:00 WARNING Các mẫu trống nhận được từ PTK Pattern Store
2024-11-09T08:13:28+00:00 WARNING Các mẫu trống nhận được từ PTK Pattern Store
2024-11-09T08:13:29+00:00 WARNING Các mẫu trống nhận được từ PTK Pattern Store
2024-11-09T08:13:29+00:00 WARNING Các mẫu trống nhận được từ PTK Pattern Store
2024-11-09T08:13:38+00:00 WARNING Các mẫu trống nhận được từ PTK Pattern Store
2024-11-09T08:14:06+00:00 WARNING Các mẫu trống nhận được từ PTK Pattern Store
2024-11-09T08:14:06+00:00 WARNING Các mẫu trống nhận được từ PTK Pattern Store
2024-11-09T08:14:41+00:00 WARNING Các mẫu trống nhận được từ PTK Pattern Store
2024-11-09T08:14:42+00:00 WARNING Các mẫu trống nhận được từ PTK Pattern Store
2024-11-09T08:14:51+00:00 WARNING Các mẫu trống nhận được từ PTK Pattern Store
2024-11-09T08:14:52+00:00 WARNING Các mẫu trống nhận được từ PTK Pattern Store
2024-11-09T08:14:53+00:00 WARNING Các mẫu trống nhận được từ PTK Pattern Store
2024-11-09T08:14:55+00:00 WARNING Các mẫu trống nhận được từ PTK Pattern Store
2024-11-09T08:15:37+00:00 WARNING Các mẫu trống nhận được từ PTK Pattern Store
2024-11-09T08:15:38+00:00 WARNING Các mẫu trống nhận được từ PTK Pattern Store
2024-11-09T08:15:40+00:00 WARNING Các mẫu trống nhận được từ PTK Pattern Store
2024-11-09T08:15:41+00:00 WARNING Các mẫu trống nhận được từ PTK Pattern Store
2024-11-09T08:15:41+00:00 WARNING Các mẫu trống nhận được từ PTK Pattern Store
2024-11-09T08:16:07+00:00 WARNING Các mẫu trống nhận được từ PTK Pattern Store
2024-11-09T08:16:07+00:00 WARNING Các mẫu trống nhận được từ PTK Pattern Store
2024-11-09T08:16:16+00:00 WARNING Các mẫu trống nhận được từ PTK Pattern Store
2024-11-09T08:16:21+00:00 WARNING Các mẫu trống nhận được từ PTK Pattern Store
2024-11-09T08:16:27+00:00 WARNING Các mẫu trống nhận được từ PTK Pattern Store
2024-11-09T08:16:28+00:00 WARNING Các mẫu trống nhận được từ PTK Pattern Store
2024-11-09T08:16:38+00:00 WARNING Các mẫu trống nhận được từ PTK Pattern Store
2024-11-09T08:16:39+00:00 WARNING Các mẫu trống nhận được từ PTK Pattern Store
2024-11-09T08:16:42+00:00 WARNING Các mẫu trống nhận được từ PTK Pattern Store
2024-11-09T08:16:46+00:00 WARNING Các mẫu trống nhận được từ PTK Pattern Store
2024-11-09T08:16:46+00:00 WARNING Các mẫu trống nhận được từ PTK Pattern Store
2024-11-09T08:16:47+00:00 WARNING Các mẫu trống nhận được từ PTK Pattern Store
2024-11-09T08:17:25+00:00 WARNING Các mẫu trống nhận được từ PTK Pattern Store
2024-11-09T08:17:39+00:00 WARNING Các mẫu trống nhận được từ PTK Pattern Store
2024-11-09T08:17:41+00:00 WARNING Các mẫu trống nhận được từ PTK Pattern Store
2024-11-09T08:17:46+00:00 WARNING Các mẫu trống nhận được từ PTK Pattern Store
2024-11-09T08:17:47+00:00 WARNING Các mẫu trống nhận được từ PTK Pattern Store
2024-11-09T08:18:03+00:00 WARNING Các mẫu trống nhận được từ PTK Pattern Store
2024-11-09T08:18:08+00:00 WARNING Các mẫu trống nhận được từ PTK Pattern Store
2024-11-09T08:18:08+00:00 WARNING Các mẫu trống nhận được từ PTK Pattern Store
2024-11-09T08:18:20+00:00 WARNING Các mẫu trống nhận được từ PTK Pattern Store
2024-11-09T08:18:28+00:00 WARNING Các mẫu trống nhận được từ PTK Pattern Store
2024-11-09T08:18:29+00:00 WARNING Các mẫu trống nhận được từ PTK Pattern Store
2024-11-09T08:18:38+00:00 WARNING Các mẫu trống nhận được từ PTK Pattern Store
2024-11-09T08:18:38+00:00 WARNING Các mẫu trống nhận được từ PTK Pattern Store
2024-11-09T08:18:41+00:00 WARNING Các mẫu trống nhận được từ PTK Pattern Store
2024-11-09T08:18:41+00:00 WARNING Các mẫu trống nhận được từ PTK Pattern Store
2024-11-09T08:18:43+00:00 WARNING Các mẫu trống nhận được từ PTK Pattern Store
2024-11-09T08:18:43+00:00 WARNING Các mẫu trống nhận được từ PTK Pattern Store
2024-11-09T08:18:46+00:00 WARNING Các mẫu trống nhận được từ PTK Pattern Store
2024-11-09T08:18:49+00:00 WARNING Các mẫu trống nhận được từ PTK Pattern Store
2024-11-09T08:18:52+00:00 WARNING Các mẫu trống nhận được từ PTK Pattern Store
2024-11-09T08:18:52+00:00 WARNING Các mẫu trống nhận được từ PTK Pattern Store
2024-11-09T08:18:52+00:00 WARNING Các mẫu trống nhận được từ PTK Pattern Store
2024-11-09T08:18:57+00:00 WARNING Các mẫu trống nhận được từ PTK Pattern Store
2024-11-09T08:19:02+00:00 WARNING Các mẫu trống nhận được từ PTK Pattern Store
2024-11-09T08:19:03+00:00 WARNING Các mẫu trống nhận được từ PTK Pattern Store
2024-11-09T08:19:12+00:00 WARNING Các mẫu trống nhận được từ PTK Pattern Store
2024-11-09T08:19:12+00:00 WARNING Các mẫu trống nhận được từ PTK Pattern Store
2024-11-09T08:20:09+00:00 WARNING Các mẫu trống nhận được từ PTK Pattern Store
2024-11-09T08:20:09+00:00 WARNING Các mẫu trống nhận được từ PTK Pattern Store
2024-11-09T08:20:44+00:00 WARNING Các mẫu trống nhận được từ PTK Pattern Store
2024-11-09T08:20:44+00:00 WARNING Các mẫu trống nhận được từ PTK Pattern Store
2024-11-09T08:20:46+00:00 WARNING Các mẫu trống nhận được từ PTK Pattern Store
2024-11-09T08:20:51+00:00 WARNING Các mẫu trống nhận được từ PTK Pattern Store
2024-11-09T08:20:51+00:00 WARNING Các mẫu trống nhận được từ PTK Pattern Store
2024-11-09T08:20:57+00:00 WARNING Các mẫu trống nhận được từ PTK Pattern Store
2024-11-09T08:21:01+00:00 WARNING Các mẫu trống nhận được từ PTK Pattern Store
2024-11-09T08:21:05+00:00 WARNING Các mẫu trống nhận được từ PTK Pattern Store
2024-11-09T08:21:08+00:00 WARNING Các mẫu trống nhận được từ PTK Pattern Store
2024-11-09T08:21:57+00:00 WARNING Các mẫu trống nhận được từ PTK Pattern Store
2024-11-09T08:21:57+00:00 WARNING Các mẫu trống nhận được từ PTK Pattern Store
2024-11-09T08:22:05+00:00 WARNING Các mẫu trống nhận được từ PTK Pattern Store
2024-11-09T08:22:28+00:00 WARNING Các mẫu trống nhận được từ PTK Pattern Store
2024-11-09T08:22:29+00:00 WARNING Các mẫu trống nhận được từ PTK Pattern Store
2024-11-09T08:22:45+00:00 WARNING Các mẫu trống nhận được từ PTK Pattern Store
2024-11-09T08:24:46+00:00 WARNING Các mẫu trống nhận được từ PTK Pattern Store
2024-11-09T08:24:46+00:00 WARNING Các mẫu trống nhận được từ PTK Pattern Store
2024-11-09T08:27:03+00:00 WARNING Các mẫu trống nhận được từ PTK Pattern Store
2024-11-09T08:27:03+00:00 WARNING Các mẫu trống nhận được từ PTK Pattern Store
2024-11-09T08:28:03+00:00 WARNING Các mẫu trống nhận được từ PTK Pattern Store
2024-11-09T08:28:03+00:00 WARNING Các mẫu trống nhận được từ PTK Pattern Store
2024-11-09T08:28:05+00:00 WARNING Các mẫu trống nhận được từ PTK Pattern Store
2024-11-09T08:30:04+00:00 WARNING Các mẫu trống nhận được từ PTK Pattern Store
2024-11-09T08:30:04+00:00 WARNING Các mẫu trống nhận được từ PTK Pattern Store
2024-11-09T08:30:08+00:00 WARNING Các mẫu trống nhận được từ PTK Pattern Store
2024-11-09T08:30:18+00:00 WARNING Các mẫu trống nhận được từ PTK Pattern Store
2024-11-09T08:30:21+00:00 WARNING Các mẫu trống nhận được từ PTK Pattern Store
2024-11-09T08:30:39+00:00 WARNING Các mẫu trống nhận được từ PTK Pattern Store
2024-11-09T08:31:05+00:00 WARNING Các mẫu trống nhận được từ PTK Pattern Store
2024-11-09T08:31:05+00:00 WARNING Các mẫu trống nhận được từ PTK Pattern Store
2024-11-09T08:33:06+00:00 WARNING Các mẫu trống nhận được từ PTK Pattern Store
2024-11-09T08:33:06+00:00 WARNING Các mẫu trống nhận được từ PTK Pattern Store
2024-11-09T08:35:07+00:00 WARNING Các mẫu trống nhận được từ PTK Pattern Store
2024-11-09T08:35:07+00:00 WARNING Các mẫu trống nhận được từ PTK Pattern Store
2024-11-09T08:36:39+00:00 WARNING Các mẫu trống nhận được từ PTK Pattern Store
2024-11-09T08:36:39+00:00 WARNING Các mẫu trống nhận được từ PTK Pattern Store
2024-11-09T08:36:45+00:00 WARNING Các mẫu trống nhận được từ PTK Pattern Store
2024-11-09T08:36:47+00:00 WARNING Các mẫu trống nhận được từ PTK Pattern Store
2024-11-09T08:36:53+00:00 WARNING Các mẫu trống nhận được từ PTK Pattern Store
2024-11-09T08:36:53+00:00 WARNING Các mẫu trống nhận được từ PTK Pattern Store
2024-11-09T08:36:53+00:00 WARNING Các mẫu trống nhận được từ PTK Pattern Store
2024-11-09T08:36:54+00:00 WARNING Các mẫu trống nhận được từ PTK Pattern Store
2024-11-09T08:36:54+00:00 WARNING Các mẫu trống nhận được từ PTK Pattern Store
2024-11-09T08:36:54+00:00 WARNING Các mẫu trống nhận được từ PTK Pattern Store
2024-11-09T08:36:54+00:00 WARNING Các mẫu trống nhận được từ PTK Pattern Store
2024-11-09T08:36:55+00:00 WARNING Các mẫu trống nhận được từ PTK Pattern Store
2024-11-09T08:36:56+00:00 WARNING Các mẫu trống nhận được từ PTK Pattern Store
2024-11-09T08:36:57+00:00 WARNING Các mẫu trống nhận được từ PTK Pattern Store
2024-11-09T08:37:06+00:00 WARNING Các mẫu trống nhận được từ PTK Pattern Store
2024-11-09T08:37:25+00:00 WARNING Các mẫu trống nhận được từ PTK Pattern Store
2024-11-09T08:37:25+00:00 WARNING Các mẫu trống nhận được từ PTK Pattern Store
2024-11-09T08:37:26+00:00 WARNING Các mẫu trống nhận được từ PTK Pattern Store
2024-11-09T08:37:35+00:00 WARNING Các mẫu trống nhận được từ PTK Pattern Store
2024-11-09T08:37:35+00:00 WARNING Các mẫu trống nhận được từ PTK Pattern Store
2024-11-09T08:37:51+00:00 WARNING Các mẫu trống nhận được từ PTK Pattern Store
2024-11-09T08:37:51+00:00 WARNING Các mẫu trống nhận được từ PTK Pattern Store
2024-11-09T08:38:06+00:00 WARNING Các mẫu trống nhận được từ PTK Pattern Store
2024-11-09T08:38:21+00:00 WARNING Các mẫu trống nhận được từ PTK Pattern Store
2024-11-09T08:38:36+00:00 WARNING Các mẫu trống nhận được từ PTK Pattern Store
2024-11-09T08:38:52+00:00 WARNING Các mẫu trống nhận được từ PTK Pattern Store
2024-11-09T08:38:52+00:00 WARNING Các mẫu trống nhận được từ PTK Pattern Store
2024-11-09T08:39:20+00:00 WARNING Các mẫu trống nhận được từ PTK Pattern Store
2024-11-09T08:39:35+00:00 WARNING Các mẫu trống nhận được từ PTK Pattern Store
2024-11-09T08:39:35+00:00 WARNING Các mẫu trống nhận được từ PTK Pattern Store
2024-11-09T08:39:37+00:00 WARNING Các mẫu trống nhận được từ PTK Pattern Store
2024-11-09T08:39:37+00:00 WARNING Các mẫu trống nhận được từ PTK Pattern Store
2024-11-09T08:39:44+00:00 WARNING Các mẫu trống nhận được từ PTK Pattern Store
2024-11-09T08:39:44+00:00 WARNING Các mẫu trống nhận được từ PTK Pattern Store
2024-11-09T08:39:45+00:00 WARNING Các mẫu trống nhận được từ PTK Pattern Store
2024-11-09T08:39:45+00:00 WARNING Các mẫu trống nhận được từ PTK Pattern Store
2024-11-09T08:39:45+00:00 WARNING Các mẫu trống nhận được từ PTK Pattern Store
2024-11-09T08:39:45+00:00 WARNING Các mẫu trống nhận được từ PTK Pattern Store
2024-11-09T08:39:46+00:00 WARNING Các mẫu trống nhận được từ PTK Pattern Store
2024-11-09T08:39:46+00:00 WARNING Các mẫu trống nhận được từ PTK Pattern Store
2024-11-09T08:39:46+00:00 WARNING Các mẫu trống nhận được từ PTK Pattern Store
2024-11-09T08:39:46+00:00 WARNING Các mẫu trống nhận được từ PTK Pattern Store
2024-11-09T08:39:46+00:00 WARNING Các mẫu trống nhận được từ PTK Pattern Store
2024-11-09T08:39:47+00:00 WARNING Các mẫu trống nhận được từ PTK Pattern Store
2024-11-09T08:39:47+00:00 WARNING Các mẫu trống nhận được từ PTK Pattern Store
2024-11-09T08:39:47+00:00 WARNING Các mẫu trống nhận được từ PTK Pattern Store
2024-11-09T08:39:47+00:00 WARNING Các mẫu trống nhận được từ PTK Pattern Store
2024-11-09T08:39:48+00:00 WARNING Các mẫu trống nhận được từ PTK Pattern Store
2024-11-09T08:39:48+00:00 WARNING Các mẫu trống nhận được từ PTK Pattern Store
2024-11-09T08:39:48+00:00 WARNING Các mẫu trống nhận được từ PTK Pattern Store
2024-11-09T08:40:35+00:00 WARNING Các mẫu trống nhận được từ PTK Pattern Store
2024-11-09T08:40:35+00:00 WARNING Các mẫu trống nhận được từ PTK Pattern Store
2024-11-09T08:40:44+00:00 WARNING Các mẫu trống nhận được từ PTK Pattern Store
2024-11-09T08:40:44+00:00 WARNING Các mẫu trống nhận được từ PTK Pattern Store
2024-11-09T08:41:17+00:00 WARNING Các mẫu trống nhận được từ PTK Pattern Store
2024-11-09T08:41:18+00:00 WARNING Các mẫu trống nhận được từ PTK Pattern Store
2024-11-09T08:41:47+00:00 WARNING Các mẫu trống nhận được từ PTK Pattern Store
2024-11-09T08:42:44+00:00 WARNING Các mẫu trống nhận được từ PTK Pattern Store
2024-11-09T08:42:45+00:00 WARNING Các mẫu trống nhận được từ PTK Pattern Store
2024-11-09T08:42:45+00:00 WARNING Các mẫu trống nhận được từ PTK Pattern Store
2024-11-09T08:43:37+00:00 WARNING Các mẫu trống nhận được từ PTK Pattern Store
2024-11-09T08:43:37+00:00 WARNING Các mẫu trống nhận được từ PTK Pattern Store
2024-11-09T08:43:45+00:00 WARNING Các mẫu trống nhận được từ PTK Pattern Store
2024-11-09T08:43:45+00:00 WARNING Các mẫu trống nhận được từ PTK Pattern Store
2024-11-09T08:44:18+00:00 WARNING Các mẫu trống nhận được từ PTK Pattern Store
2024-11-09T08:44:19+00:00 WARNING Các mẫu trống nhận được từ PTK Pattern Store
2024-11-09T08:44:19+00:00 WARNING Các mẫu trống nhận được từ PTK Pattern Store
2024-11-09T08:44:45+00:00 WARNING Các mẫu trống nhận được từ PTK Pattern Store
2024-11-09T08:44:45+00:00 WARNING Các mẫu trống nhận được từ PTK Pattern Store
2024-11-09T08:44:58+00:00 WARNING Các mẫu trống nhận được từ PTK Pattern Store
2024-11-09T08:44:58+00:00 WARNING Các mẫu trống nhận được từ PTK Pattern Store
2024-11-09T08:45:08+00:00 WARNING Các mẫu trống nhận được từ PTK Pattern Store
2024-11-09T08:45:46+00:00 WARNING Các mẫu trống nhận được từ PTK Pattern Store
2024-11-09T08:45:46+00:00 WARNING Các mẫu trống nhận được từ PTK Pattern Store
2024-11-09T08:46:24+00:00 WARNING Các mẫu trống nhận được từ PTK Pattern Store
2024-11-09T08:46:24+00:00 WARNING Các mẫu trống nhận được từ PTK Pattern Store
2024-11-09T08:46:25+00:00 WARNING Các mẫu trống nhận được từ PTK Pattern Store
2024-11-09T08:46:46+00:00 WARNING Các mẫu trống nhận được từ PTK Pattern Store
2024-11-09T08:46:46+00:00 WARNING Các mẫu trống nhận được từ PTK Pattern Store
2024-11-09T08:47:23+00:00 WARNING Các mẫu trống nhận được từ PTK Pattern Store
2024-11-09T08:47:23+00:00 WARNING Các mẫu trống nhận được từ PTK Pattern Store
2024-11-09T08:47:25+00:00 WARNING Các mẫu trống nhận được từ PTK Pattern Store
2024-11-09T08:47:46+00:00 WARNING Các mẫu trống nhận được từ PTK Pattern Store
2024-11-09T08:47:46+00:00 WARNING Các mẫu trống nhận được từ PTK Pattern Store
2024-11-09T08:48:39+00:00 WARNING Các mẫu trống nhận được từ PTK Pattern Store
2024-11-09T08:48:39+00:00 WARNING Các mẫu trống nhận được từ PTK Pattern Store
2024-11-09T08:48:39+00:00 WARNING Các mẫu trống nhận được từ PTK Pattern Store
2024-11-09T08:48:39+00:00 WARNING Các mẫu trống nhận được từ PTK Pattern Store
2024-11-09T08:48:40+00:00 WARNING Các mẫu trống nhận được từ PTK Pattern Store
2024-11-09T08:48:40+00:00 WARNING Các mẫu trống nhận được từ PTK Pattern Store
2024-11-09T08:48:40+00:00 WARNING Các mẫu trống nhận được từ PTK Pattern Store
2024-11-09T08:48:41+00:00 WARNING Các mẫu trống nhận được từ PTK Pattern Store
2024-11-09T08:48:43+00:00 WARNING Các mẫu trống nhận được từ PTK Pattern Store
2024-11-09T08:48:45+00:00 WARNING Các mẫu trống nhận được từ PTK Pattern Store
2024-11-09T08:48:46+00:00 WARNING Các mẫu trống nhận được từ PTK Pattern Store
2024-11-09T08:48:50+00:00 WARNING Các mẫu trống nhận được từ PTK Pattern Store
2024-11-09T08:49:49+00:00 WARNING Các mẫu trống nhận được từ PTK Pattern Store
2024-11-09T08:49:49+00:00 WARNING Các mẫu trống nhận được từ PTK Pattern Store
2024-11-09T08:49:49+00:00 WARNING Các mẫu trống nhận được từ PTK Pattern Store
2024-11-09T08:49:49+00:00 WARNING Các mẫu trống nhận được từ PTK Pattern Store
2024-11-09T08:50:48+00:00 WARNING Các mẫu trống nhận được từ PTK Pattern Store
2024-11-09T08:50:48+00:00 WARNING Các mẫu trống nhận được từ PTK Pattern Store
2024-11-09T08:50:48+00:00 WARNING Các mẫu trống nhận được từ PTK Pattern Store
2024-11-09T08:51:11+00:00 WARNING Các mẫu trống nhận được từ PTK Pattern Store
2024-11-09T08:51:11+00:00 WARNING Các mẫu trống nhận được từ PTK Pattern Store
2024-11-09T08:51:16+00:00 WARNING Các mẫu trống nhận được từ PTK Pattern Store
2024-11-09T08:51:16+00:00 WARNING Các mẫu trống nhận được từ PTK Pattern Store
2024-11-09T08:51:48+00:00 WARNING Các mẫu trống nhận được từ PTK Pattern Store
2024-11-09T08:51:48+00:00 WARNING Các mẫu trống nhận được từ PTK Pattern Store
2024-11-09T08:52:17+00:00 WARNING Các mẫu trống nhận được từ PTK Pattern Store
2024-11-09T08:52:17+00:00 WARNING Các mẫu trống nhận được từ PTK Pattern Store
2024-11-09T08:52:18+00:00 WARNING Các mẫu trống nhận được từ PTK Pattern Store
2024-11-09T08:52:49+00:00 WARNING Các mẫu trống nhận được từ PTK Pattern Store
2024-11-09T08:52:49+00:00 WARNING Các mẫu trống nhận được từ PTK Pattern Store
2024-11-09T08:53:31+00:00 WARNING Các mẫu trống nhận được từ PTK Pattern Store
2024-11-09T08:53:31+00:00 WARNING Các mẫu trống nhận được từ PTK Pattern Store
2024-11-09T08:53:32+00:00 WARNING Các mẫu trống nhận được từ PTK Pattern Store
2024-11-09T08:53:32+00:00 WARNING Các mẫu trống nhận được từ PTK Pattern Store
2024-11-09T08:53:49+00:00 WARNING Các mẫu trống nhận được từ PTK Pattern Store
2024-11-09T08:53:50+00:00 WARNING Các mẫu trống nhận được từ PTK Pattern Store
2024-11-09T08:54:50+00:00 WARNING Các mẫu trống nhận được từ PTK Pattern Store
2024-11-09T08:54:50+00:00 WARNING Các mẫu trống nhận được từ PTK Pattern Store
2024-11-09T08:54:50+00:00 WARNING Các mẫu trống nhận được từ PTK Pattern Store
2024-11-09T08:54:56+00:00 WARNING Các mẫu trống nhận được từ PTK Pattern Store
2024-11-09T08:54:57+00:00 WARNING Các mẫu trống nhận được từ PTK Pattern Store
2024-11-09T08:54:58+00:00 WARNING Các mẫu trống nhận được từ PTK Pattern Store
2024-11-09T08:54:58+00:00 WARNING Các mẫu trống nhận được từ PTK Pattern Store
2024-11-09T08:55:50+00:00 WARNING Các mẫu trống nhận được từ PTK Pattern Store
2024-11-09T08:55:50+00:00 WARNING Các mẫu trống nhận được từ PTK Pattern Store
2024-11-09T08:56:16+00:00 WARNING Các mẫu trống nhận được từ PTK Pattern Store
2024-11-09T08:56:16+00:00 WARNING Các mẫu trống nhận được từ PTK Pattern Store
2024-11-09T08:56:18+00:00 WARNING Các mẫu trống nhận được từ PTK Pattern Store
2024-11-09T08:56:18+00:00 WARNING Các mẫu trống nhận được từ PTK Pattern Store
2024-11-09T08:56:53+00:00 WARNING Các mẫu trống nhận được từ PTK Pattern Store
2024-11-09T08:56:53+00:00 WARNING Các mẫu trống nhận được từ PTK Pattern Store
2024-11-09T08:56:53+00:00 WARNING Các mẫu trống nhận được từ PTK Pattern Store
2024-11-09T08:56:53+00:00 WARNING Các mẫu trống nhận được từ PTK Pattern Store
2024-11-09T08:56:54+00:00 WARNING Các mẫu trống nhận được từ PTK Pattern Store
