2024-11-12T06:11:59+00:00 DEBUG Tt4b_Pixel_Class::inject_view_content_event: hit ViewContent
2024-11-12T06:11:59+00:00 DEBUG Tt4b_Pixel_Class::inject_view_content_event: Missing option "access_token"
2024-11-12T06:12:02+00:00 DEBUG Tt4b_Pixel_Class::inject_add_to_cart_event: hit AddToCart
2024-11-12T06:12:02+00:00 DEBUG Tt4b_Pixel_Class::inject_add_to_cart_event: Missing option "access_token"
2024-11-12T06:12:08+00:00 DEBUG Tt4b_Pixel_Class::inject_add_to_cart_event: hit AddToCart
2024-11-12T06:12:08+00:00 DEBUG Tt4b_Pixel_Class::inject_add_to_cart_event: Missing option "access_token"
2024-11-12T06:13:20+00:00 DEBUG Tt4b_Pixel_Class::inject_view_content_event: hit ViewContent
2024-11-12T06:13:20+00:00 DEBUG Tt4b_Pixel_Class::inject_view_content_event: Missing option "access_token"
2024-11-12T06:13:21+00:00 DEBUG Tt4b_Pixel_Class::inject_add_to_cart_event: hit AddToCart
2024-11-12T06:13:21+00:00 DEBUG Tt4b_Pixel_Class::inject_add_to_cart_event: Missing option "access_token"
2024-11-12T06:13:26+00:00 DEBUG Tt4b_Pixel_Class::inject_add_to_cart_event: hit AddToCart
2024-11-12T06:13:26+00:00 DEBUG Tt4b_Pixel_Class::inject_add_to_cart_event: Missing option "access_token"
2024-11-12T06:13:51+00:00 DEBUG Tt4b_Pixel_Class::inject_view_content_event: hit ViewContent
2024-11-12T06:13:51+00:00 DEBUG Tt4b_Pixel_Class::inject_view_content_event: Missing option "access_token"
2024-11-12T06:13:52+00:00 DEBUG Tt4b_Pixel_Class::inject_add_to_cart_event: hit AddToCart
2024-11-12T06:13:52+00:00 DEBUG Tt4b_Pixel_Class::inject_add_to_cart_event: Missing option "access_token"
2024-11-12T06:13:57+00:00 DEBUG Tt4b_Pixel_Class::inject_add_to_cart_event: hit AddToCart
2024-11-12T06:13:57+00:00 DEBUG Tt4b_Pixel_Class::inject_add_to_cart_event: Missing option "access_token"
2024-11-12T06:21:44+00:00 DEBUG Tt4b_Pixel_Class::inject_view_content_event: hit ViewContent
2024-11-12T06:21:44+00:00 DEBUG Tt4b_Pixel_Class::inject_view_content_event: Missing option "access_token"
2024-11-12T06:21:45+00:00 DEBUG Tt4b_Pixel_Class::inject_add_to_cart_event: hit AddToCart
2024-11-12T06:21:45+00:00 DEBUG Tt4b_Pixel_Class::inject_add_to_cart_event: Missing option "access_token"
2024-11-12T06:21:50+00:00 DEBUG Tt4b_Pixel_Class::inject_add_to_cart_event: hit AddToCart
2024-11-12T06:21:50+00:00 DEBUG Tt4b_Pixel_Class::inject_add_to_cart_event: Missing option "access_token"
2024-11-12T06:22:42+00:00 DEBUG Tt4b_Pixel_Class::inject_view_content_event: hit ViewContent
2024-11-12T06:22:42+00:00 DEBUG Tt4b_Pixel_Class::inject_view_content_event: Missing option "access_token"
2024-11-12T06:22:43+00:00 DEBUG Tt4b_Pixel_Class::inject_add_to_cart_event: hit AddToCart
2024-11-12T06:22:43+00:00 DEBUG Tt4b_Pixel_Class::inject_add_to_cart_event: Missing option "access_token"
2024-11-12T06:22:48+00:00 DEBUG Tt4b_Pixel_Class::inject_add_to_cart_event: hit AddToCart
2024-11-12T06:22:48+00:00 DEBUG Tt4b_Pixel_Class::inject_add_to_cart_event: Missing option "access_token"
2024-11-12T06:28:12+00:00 DEBUG Tt4b_Pixel_Class::inject_view_content_event: hit ViewContent
2024-11-12T06:28:12+00:00 DEBUG Tt4b_Pixel_Class::inject_view_content_event: Missing option "access_token"
2024-11-12T06:28:13+00:00 DEBUG Tt4b_Pixel_Class::inject_add_to_cart_event: hit AddToCart
2024-11-12T06:28:13+00:00 DEBUG Tt4b_Pixel_Class::inject_add_to_cart_event: Missing option "access_token"
2024-11-12T06:28:18+00:00 DEBUG Tt4b_Pixel_Class::inject_add_to_cart_event: hit AddToCart
2024-11-12T06:28:18+00:00 DEBUG Tt4b_Pixel_Class::inject_add_to_cart_event: Missing option "access_token"
2024-11-12T06:29:47+00:00 DEBUG Tt4b_Pixel_Class::inject_view_content_event: hit ViewContent
2024-11-12T06:29:47+00:00 DEBUG Tt4b_Pixel_Class::inject_view_content_event: Missing option "access_token"
2024-11-12T06:29:47+00:00 DEBUG Tt4b_Pixel_Class::inject_add_to_cart_event: hit AddToCart
2024-11-12T06:29:47+00:00 DEBUG Tt4b_Pixel_Class::inject_add_to_cart_event: Missing option "access_token"
2024-11-12T06:29:52+00:00 DEBUG Tt4b_Pixel_Class::inject_add_to_cart_event: hit AddToCart
2024-11-12T06:29:52+00:00 DEBUG Tt4b_Pixel_Class::inject_add_to_cart_event: Missing option "access_token"
2024-11-12T06:30:59+00:00 DEBUG Tt4b_Pixel_Class::inject_view_content_event: hit ViewContent
2024-11-12T06:30:59+00:00 DEBUG Tt4b_Pixel_Class::inject_view_content_event: Missing option "access_token"
2024-11-12T06:31:00+00:00 DEBUG Tt4b_Pixel_Class::inject_add_to_cart_event: hit AddToCart
2024-11-12T06:31:00+00:00 DEBUG Tt4b_Pixel_Class::inject_add_to_cart_event: Missing option "access_token"
2024-11-12T06:31:05+00:00 DEBUG Tt4b_Pixel_Class::inject_add_to_cart_event: hit AddToCart
2024-11-12T06:31:05+00:00 DEBUG Tt4b_Pixel_Class::inject_add_to_cart_event: Missing option "access_token"
2024-11-12T06:31:06+00:00 DEBUG Tt4b_Pixel_Class::inject_view_content_event: hit ViewContent
2024-11-12T06:31:06+00:00 DEBUG Tt4b_Pixel_Class::inject_view_content_event: Missing option "access_token"
2024-11-12T06:31:06+00:00 DEBUG Tt4b_Pixel_Class::inject_add_to_cart_event: hit AddToCart
2024-11-12T06:31:06+00:00 DEBUG Tt4b_Pixel_Class::inject_add_to_cart_event: Missing option "access_token"
2024-11-12T06:31:11+00:00 DEBUG Tt4b_Pixel_Class::inject_add_to_cart_event: hit AddToCart
2024-11-12T06:31:11+00:00 DEBUG Tt4b_Pixel_Class::inject_add_to_cart_event: Missing option "access_token"
2024-11-12T06:31:17+00:00 DEBUG Tt4b_Pixel_Class::inject_view_content_event: hit ViewContent
2024-11-12T06:31:17+00:00 DEBUG Tt4b_Pixel_Class::inject_view_content_event: Missing option "access_token"
2024-11-12T06:31:17+00:00 DEBUG Tt4b_Pixel_Class::inject_add_to_cart_event: hit AddToCart
2024-11-12T06:31:17+00:00 DEBUG Tt4b_Pixel_Class::inject_add_to_cart_event: Missing option "access_token"
2024-11-12T06:31:18+00:00 DEBUG Tt4b_Pixel_Class::inject_view_content_event: hit ViewContent
2024-11-12T06:31:18+00:00 DEBUG Tt4b_Pixel_Class::inject_view_content_event: Missing option "access_token"
2024-11-12T06:31:19+00:00 DEBUG Tt4b_Pixel_Class::inject_add_to_cart_event: hit AddToCart
2024-11-12T06:31:19+00:00 DEBUG Tt4b_Pixel_Class::inject_add_to_cart_event: Missing option "access_token"
2024-11-12T06:31:24+00:00 DEBUG Tt4b_Pixel_Class::inject_add_to_cart_event: hit AddToCart
2024-11-12T06:31:24+00:00 DEBUG Tt4b_Pixel_Class::inject_add_to_cart_event: Missing option "access_token"
2024-11-12T06:31:47+00:00 DEBUG Tt4b_Pixel_Class::inject_view_content_event: hit ViewContent
2024-11-12T06:31:47+00:00 DEBUG Tt4b_Pixel_Class::inject_view_content_event: Missing option "access_token"
2024-11-12T06:31:48+00:00 DEBUG Tt4b_Pixel_Class::inject_add_to_cart_event: hit AddToCart
2024-11-12T06:31:48+00:00 DEBUG Tt4b_Pixel_Class::inject_add_to_cart_event: Missing option "access_token"
2024-11-12T06:31:50+00:00 DEBUG Tt4b_Pixel_Class::inject_add_to_cart_event: hit AddToCart
2024-11-12T06:31:50+00:00 DEBUG Tt4b_Pixel_Class::inject_add_to_cart_event: Missing option "access_token"
2024-11-12T06:31:53+00:00 DEBUG Tt4b_Pixel_Class::inject_add_to_cart_event: hit AddToCart
2024-11-12T06:31:53+00:00 DEBUG Tt4b_Pixel_Class::inject_add_to_cart_event: Missing option "access_token"
2024-11-12T06:43:17+00:00 DEBUG Tt4b_Pixel_Class::inject_view_content_event: hit ViewContent
2024-11-12T06:43:17+00:00 DEBUG Tt4b_Pixel_Class::inject_view_content_event: Missing option "access_token"
2024-11-12T06:43:18+00:00 DEBUG Tt4b_Pixel_Class::inject_add_to_cart_event: hit AddToCart
2024-11-12T06:43:18+00:00 DEBUG Tt4b_Pixel_Class::inject_add_to_cart_event: Missing option "access_token"
2024-11-12T06:43:23+00:00 DEBUG Tt4b_Pixel_Class::inject_add_to_cart_event: hit AddToCart
2024-11-12T06:43:23+00:00 DEBUG Tt4b_Pixel_Class::inject_add_to_cart_event: Missing option "access_token"
2024-11-12T07:16:31+00:00 DEBUG Tt4b_Pixel_Class::inject_view_content_event: hit ViewContent
2024-11-12T07:16:31+00:00 DEBUG Tt4b_Pixel_Class::inject_view_content_event: Missing option "access_token"
2024-11-12T07:19:34+00:00 DEBUG Tt4b_Pixel_Class::inject_view_content_event: hit ViewContent
2024-11-12T07:19:34+00:00 DEBUG Tt4b_Pixel_Class::inject_view_content_event: Missing option "access_token"
2024-11-12T07:28:36+00:00 DEBUG tt4b_product_delete: missing access token for tt4b_product_sync
2024-11-12T07:30:18+00:00 DEBUG Tt4b_Pixel_Class::inject_view_content_event: hit ViewContent
2024-11-12T07:30:18+00:00 DEBUG Tt4b_Pixel_Class::inject_view_content_event: Missing option "access_token"
2024-11-12T07:30:24+00:00 DEBUG Tt4b_Pixel_Class::inject_view_content_event: hit ViewContent
2024-11-12T07:30:24+00:00 DEBUG Tt4b_Pixel_Class::inject_view_content_event: Missing option "access_token"
2024-11-12T07:33:42+00:00 DEBUG tt4b_product_delete: missing access token for tt4b_product_sync
2024-11-12T07:33:49+00:00 DEBUG tt4b_product_delete: missing access token for tt4b_product_sync
2024-11-12T07:33:49+00:00 DEBUG tt4b_product_delete: missing access token for tt4b_product_sync
2024-11-12T07:39:38+00:00 DEBUG tt4b_product_delete: missing access token for tt4b_product_sync
2024-11-12T07:39:44+00:00 DEBUG tt4b_product_delete: missing access token for tt4b_product_sync
2024-11-12T07:57:18+00:00 DEBUG tt4b_product_delete: missing access token for tt4b_product_sync
2024-11-12T07:57:24+00:00 DEBUG tt4b_product_delete: missing access token for tt4b_product_sync
2024-11-12T08:07:40+00:00 DEBUG Tt4b_Pixel_Class::inject_view_content_event: hit ViewContent
2024-11-12T08:07:40+00:00 DEBUG Tt4b_Pixel_Class::inject_view_content_event: Missing option "access_token"
2024-11-12T08:07:43+00:00 DEBUG Tt4b_Pixel_Class::inject_add_to_cart_event: hit AddToCart
2024-11-12T08:07:43+00:00 DEBUG Tt4b_Pixel_Class::inject_add_to_cart_event: Missing option "access_token"
2024-11-12T08:07:48+00:00 DEBUG Tt4b_Pixel_Class::inject_add_to_cart_event: hit AddToCart
2024-11-12T08:07:48+00:00 DEBUG Tt4b_Pixel_Class::inject_add_to_cart_event: Missing option "access_token"
2024-11-12T08:08:11+00:00 DEBUG Tt4b_Pixel_Class::inject_view_content_event: hit ViewContent
2024-11-12T08:08:11+00:00 DEBUG Tt4b_Pixel_Class::inject_view_content_event: Missing option "access_token"
2024-11-12T08:08:12+00:00 DEBUG Tt4b_Pixel_Class::inject_add_to_cart_event: hit AddToCart
2024-11-12T08:08:12+00:00 DEBUG Tt4b_Pixel_Class::inject_add_to_cart_event: Missing option "access_token"
2024-11-12T08:08:17+00:00 DEBUG Tt4b_Pixel_Class::inject_add_to_cart_event: hit AddToCart
2024-11-12T08:08:17+00:00 DEBUG Tt4b_Pixel_Class::inject_add_to_cart_event: Missing option "access_token"
2024-11-12T08:23:10+00:00 DEBUG tt4b_product_delete: missing access token for tt4b_product_sync
2024-11-12T08:25:52+00:00 DEBUG tt4b_product_delete: missing access token for tt4b_product_sync
2024-11-12T08:25:52+00:00 DEBUG tt4b_product_delete: missing access token for tt4b_product_sync
2024-11-12T08:25:52+00:00 DEBUG tt4b_product_delete: missing access token for tt4b_product_sync
2024-11-12T08:25:58+00:00 DEBUG tt4b_product_delete: missing access token for tt4b_product_sync
2024-11-12T08:25:59+00:00 DEBUG tt4b_product_delete: missing access token for tt4b_product_sync
2024-11-12T08:25:59+00:00 DEBUG tt4b_product_delete: missing access token for tt4b_product_sync
2024-11-12T08:25:59+00:00 DEBUG tt4b_product_delete: missing access token for tt4b_product_sync
2024-11-12T08:25:59+00:00 DEBUG tt4b_product_delete: missing access token for tt4b_product_sync
2024-11-12T08:29:02+00:00 DEBUG tt4b_product_delete: missing access token for tt4b_product_sync
2024-11-12T08:29:02+00:00 DEBUG tt4b_product_delete: missing access token for tt4b_product_sync
2024-11-12T08:29:02+00:00 DEBUG tt4b_product_delete: missing access token for tt4b_product_sync
2024-11-12T08:29:08+00:00 DEBUG tt4b_product_delete: missing access token for tt4b_product_sync
2024-11-12T08:29:09+00:00 DEBUG tt4b_product_delete: missing access token for tt4b_product_sync
2024-11-12T08:29:09+00:00 DEBUG tt4b_product_delete: missing access token for tt4b_product_sync
2024-11-12T08:29:09+00:00 DEBUG tt4b_product_delete: missing access token for tt4b_product_sync
2024-11-12T08:29:09+00:00 DEBUG tt4b_product_delete: missing access token for tt4b_product_sync
2024-11-12T08:30:52+00:00 DEBUG tt4b_product_delete: missing access token for tt4b_product_sync
2024-11-12T08:30:58+00:00 DEBUG tt4b_product_delete: missing access token for tt4b_product_sync
2024-11-12T08:31:01+00:00 DEBUG Tt4b_Pixel_Class::inject_initiate_checkout_event: hit InitiateCheckout
2024-11-12T08:31:01+00:00 DEBUG Tt4b_Pixel_Class::inject_initiate_checkout_event: Missing option "access_token"
2024-11-12T08:31:53+00:00 DEBUG Tt4b_Pixel_Class::inject_purchase_event: hit Purchase
2024-11-12T08:31:53+00:00 DEBUG Tt4b_Pixel_Class::inject_purchase_event: Missing option "access_token"
2024-11-12T08:36:49+00:00 DEBUG tt4b_product_delete: missing access token for tt4b_product_sync
2024-11-12T08:36:55+00:00 DEBUG tt4b_product_delete: missing access token for tt4b_product_sync
2024-11-12T09:34:50+00:00 DEBUG Tt4b_Pixel_Class::inject_add_to_cart_event: hit AddToCart
2024-11-12T09:34:50+00:00 DEBUG Tt4b_Pixel_Class::inject_add_to_cart_event: Missing option "access_token"
2024-11-12T11:14:41+00:00 DEBUG tt4b_product_delete: missing access token for tt4b_product_sync
2024-11-12T11:14:41+00:00 DEBUG tt4b_product_delete: missing access token for tt4b_product_sync
2024-11-12T11:14:41+00:00 DEBUG tt4b_product_delete: missing access token for tt4b_product_sync
2024-11-12T11:14:41+00:00 DEBUG tt4b_product_delete: missing access token for tt4b_product_sync
2024-11-12T11:14:41+00:00 DEBUG tt4b_product_delete: missing access token for tt4b_product_sync
2024-11-12T11:14:41+00:00 DEBUG tt4b_product_delete: missing access token for tt4b_product_sync
2024-11-12T11:14:42+00:00 DEBUG tt4b_product_delete: missing access token for tt4b_product_sync
2024-11-12T11:14:42+00:00 DEBUG tt4b_product_delete: missing access token for tt4b_product_sync
2024-11-12T11:14:42+00:00 DEBUG tt4b_product_delete: missing access token for tt4b_product_sync
2024-11-12T11:14:42+00:00 DEBUG tt4b_product_delete: missing access token for tt4b_product_sync
2024-11-12T11:14:42+00:00 DEBUG tt4b_product_delete: missing access token for tt4b_product_sync
2024-11-12T11:14:42+00:00 DEBUG tt4b_product_delete: missing access token for tt4b_product_sync
2024-11-12T11:14:42+00:00 DEBUG tt4b_product_delete: missing access token for tt4b_product_sync
2024-11-12T11:14:42+00:00 DEBUG tt4b_product_delete: missing access token for tt4b_product_sync
2024-11-12T11:14:42+00:00 DEBUG tt4b_product_delete: missing access token for tt4b_product_sync
2024-11-12T11:14:42+00:00 DEBUG tt4b_product_delete: missing access token for tt4b_product_sync
2024-11-12T11:14:43+00:00 DEBUG tt4b_product_delete: missing access token for tt4b_product_sync
2024-11-12T11:14:43+00:00 DEBUG tt4b_product_delete: missing access token for tt4b_product_sync
2024-11-12T11:14:43+00:00 DEBUG tt4b_product_delete: missing access token for tt4b_product_sync
2024-11-12T11:14:43+00:00 DEBUG tt4b_product_delete: missing access token for tt4b_product_sync
2024-11-12T11:14:43+00:00 DEBUG tt4b_product_delete: missing access token for tt4b_product_sync
2024-11-12T11:14:43+00:00 DEBUG tt4b_product_delete: missing access token for tt4b_product_sync
2024-11-12T11:14:43+00:00 DEBUG tt4b_product_delete: missing access token for tt4b_product_sync
2024-11-12T11:14:43+00:00 DEBUG tt4b_product_delete: missing access token for tt4b_product_sync
2024-11-12T11:14:43+00:00 DEBUG tt4b_product_delete: missing access token for tt4b_product_sync
2024-11-12T11:14:43+00:00 DEBUG tt4b_product_delete: missing access token for tt4b_product_sync
2024-11-12T11:14:43+00:00 DEBUG tt4b_product_delete: missing access token for tt4b_product_sync
2024-11-12T11:14:43+00:00 DEBUG tt4b_product_delete: missing access token for tt4b_product_sync
2024-11-12T11:14:43+00:00 DEBUG tt4b_product_delete: missing access token for tt4b_product_sync
2024-11-12T11:14:43+00:00 DEBUG tt4b_product_delete: missing access token for tt4b_product_sync
2024-11-12T11:14:43+00:00 DEBUG tt4b_product_delete: missing access token for tt4b_product_sync
2024-11-12T11:14:43+00:00 DEBUG tt4b_product_delete: missing access token for tt4b_product_sync
2024-11-12T11:14:43+00:00 DEBUG tt4b_product_delete: missing access token for tt4b_product_sync
2024-11-12T11:14:43+00:00 DEBUG tt4b_product_delete: missing access token for tt4b_product_sync
2024-11-12T11:14:43+00:00 DEBUG tt4b_product_delete: missing access token for tt4b_product_sync
2024-11-12T11:14:53+00:00 DEBUG tt4b_product_delete: missing access token for tt4b_product_sync
2024-11-12T11:14:54+00:00 DEBUG tt4b_product_delete: missing access token for tt4b_product_sync
2024-11-12T11:14:54+00:00 DEBUG tt4b_product_delete: missing access token for tt4b_product_sync
2024-11-12T11:14:54+00:00 DEBUG tt4b_product_delete: missing access token for tt4b_product_sync
2024-11-12T11:14:54+00:00 DEBUG tt4b_product_delete: missing access token for tt4b_product_sync
2024-11-12T11:14:54+00:00 DEBUG tt4b_product_delete: missing access token for tt4b_product_sync
2024-11-12T11:14:54+00:00 DEBUG tt4b_product_delete: missing access token for tt4b_product_sync
2024-11-12T11:14:54+00:00 DEBUG tt4b_product_delete: missing access token for tt4b_product_sync
2024-11-12T11:14:54+00:00 DEBUG tt4b_product_delete: missing access token for tt4b_product_sync
2024-11-12T11:14:54+00:00 DEBUG tt4b_product_delete: missing access token for tt4b_product_sync
2024-11-12T11:14:55+00:00 DEBUG tt4b_product_delete: missing access token for tt4b_product_sync
2024-11-12T11:14:55+00:00 DEBUG tt4b_product_delete: missing access token for tt4b_product_sync
2024-11-12T11:14:55+00:00 DEBUG tt4b_product_delete: missing access token for tt4b_product_sync
2024-11-12T11:14:55+00:00 DEBUG tt4b_product_delete: missing access token for tt4b_product_sync
2024-11-12T11:14:55+00:00 DEBUG tt4b_product_delete: missing access token for tt4b_product_sync
2024-11-12T11:14:56+00:00 DEBUG tt4b_product_delete: missing access token for tt4b_product_sync
2024-11-12T11:14:56+00:00 DEBUG tt4b_product_delete: missing access token for tt4b_product_sync
2024-11-12T11:14:56+00:00 DEBUG tt4b_product_delete: missing access token for tt4b_product_sync
2024-11-12T11:14:56+00:00 DEBUG tt4b_product_delete: missing access token for tt4b_product_sync
2024-11-12T11:14:56+00:00 DEBUG tt4b_product_delete: missing access token for tt4b_product_sync
2024-11-12T11:14:56+00:00 DEBUG tt4b_product_delete: missing access token for tt4b_product_sync
2024-11-12T11:14:56+00:00 DEBUG tt4b_product_delete: missing access token for tt4b_product_sync
2024-11-12T11:14:56+00:00 DEBUG tt4b_product_delete: missing access token for tt4b_product_sync
2024-11-12T11:14:56+00:00 DEBUG tt4b_product_delete: missing access token for tt4b_product_sync
2024-11-12T11:14:57+00:00 DEBUG tt4b_product_delete: missing access token for tt4b_product_sync
2024-11-12T11:14:57+00:00 DEBUG tt4b_product_delete: missing access token for tt4b_product_sync
2024-11-12T11:14:57+00:00 DEBUG tt4b_product_delete: missing access token for tt4b_product_sync
2024-11-12T11:14:57+00:00 DEBUG tt4b_product_delete: missing access token for tt4b_product_sync
2024-11-12T11:14:57+00:00 DEBUG tt4b_product_delete: missing access token for tt4b_product_sync
2024-11-12T11:14:57+00:00 DEBUG tt4b_product_delete: missing access token for tt4b_product_sync
2024-11-12T11:14:57+00:00 DEBUG tt4b_product_delete: missing access token for tt4b_product_sync
2024-11-12T11:14:57+00:00 DEBUG tt4b_product_delete: missing access token for tt4b_product_sync
2024-11-12T11:14:57+00:00 DEBUG tt4b_product_delete: missing access token for tt4b_product_sync
2024-11-12T11:14:58+00:00 DEBUG tt4b_product_delete: missing access token for tt4b_product_sync
2024-11-12T11:14:58+00:00 DEBUG tt4b_product_delete: missing access token for tt4b_product_sync
2024-11-12T11:14:58+00:00 DEBUG tt4b_product_delete: missing access token for tt4b_product_sync
2024-11-12T11:14:58+00:00 DEBUG tt4b_product_delete: missing access token for tt4b_product_sync
2024-11-12T11:14:58+00:00 DEBUG tt4b_product_delete: missing access token for tt4b_product_sync
2024-11-12T11:14:58+00:00 DEBUG tt4b_product_delete: missing access token for tt4b_product_sync
2024-11-12T11:14:58+00:00 DEBUG tt4b_product_delete: missing access token for tt4b_product_sync
2024-11-12T11:14:58+00:00 DEBUG tt4b_product_delete: missing access token for tt4b_product_sync
2024-11-12T11:14:58+00:00 DEBUG tt4b_product_delete: missing access token for tt4b_product_sync
2024-11-12T11:14:58+00:00 DEBUG tt4b_product_delete: missing access token for tt4b_product_sync
2024-11-12T11:14:58+00:00 DEBUG tt4b_product_delete: missing access token for tt4b_product_sync
2024-11-12T11:14:58+00:00 DEBUG tt4b_product_delete: missing access token for tt4b_product_sync
2024-11-12T11:14:59+00:00 DEBUG tt4b_product_delete: missing access token for tt4b_product_sync
2024-11-12T11:14:59+00:00 DEBUG tt4b_product_delete: missing access token for tt4b_product_sync
2024-11-12T11:14:59+00:00 DEBUG tt4b_product_delete: missing access token for tt4b_product_sync
2024-11-12T11:14:59+00:00 DEBUG tt4b_product_delete: missing access token for tt4b_product_sync
2024-11-12T11:14:59+00:00 DEBUG tt4b_product_delete: missing access token for tt4b_product_sync
2024-11-12T11:14:59+00:00 DEBUG tt4b_product_delete: missing access token for tt4b_product_sync
2024-11-12T11:14:59+00:00 DEBUG tt4b_product_delete: missing access token for tt4b_product_sync
2024-11-12T11:14:59+00:00 DEBUG tt4b_product_delete: missing access token for tt4b_product_sync
2024-11-12T11:14:59+00:00 DEBUG tt4b_product_delete: missing access token for tt4b_product_sync
2024-11-12T11:14:59+00:00 DEBUG tt4b_product_delete: missing access token for tt4b_product_sync
2024-11-12T11:14:59+00:00 DEBUG tt4b_product_delete: missing access token for tt4b_product_sync
2024-11-12T11:14:59+00:00 DEBUG tt4b_product_delete: missing access token for tt4b_product_sync
2024-11-12T11:15:00+00:00 DEBUG tt4b_product_delete: missing access token for tt4b_product_sync
2024-11-12T11:15:00+00:00 DEBUG tt4b_product_delete: missing access token for tt4b_product_sync
2024-11-12T11:15:00+00:00 DEBUG tt4b_product_delete: missing access token for tt4b_product_sync
2024-11-12T11:15:00+00:00 DEBUG tt4b_product_delete: missing access token for tt4b_product_sync
2024-11-12T11:15:00+00:00 DEBUG tt4b_product_delete: missing access token for tt4b_product_sync
2024-11-12T11:15:00+00:00 DEBUG tt4b_product_delete: missing access token for tt4b_product_sync
2024-11-12T11:20:02+00:00 DEBUG tt4b_product_delete: missing access token for tt4b_product_sync
2024-11-12T11:20:03+00:00 DEBUG tt4b_product_delete: missing access token for tt4b_product_sync
2024-11-12T11:20:03+00:00 DEBUG tt4b_product_delete: missing access token for tt4b_product_sync
2024-11-12T11:20:03+00:00 DEBUG tt4b_product_delete: missing access token for tt4b_product_sync
2024-11-12T11:20:03+00:00 DEBUG tt4b_product_delete: missing access token for tt4b_product_sync
2024-11-12T11:20:03+00:00 DEBUG tt4b_product_delete: missing access token for tt4b_product_sync
2024-11-12T11:20:03+00:00 DEBUG tt4b_product_delete: missing access token for tt4b_product_sync
2024-11-12T11:20:03+00:00 DEBUG tt4b_product_delete: missing access token for tt4b_product_sync
2024-11-12T11:20:04+00:00 DEBUG tt4b_product_delete: missing access token for tt4b_product_sync
2024-11-12T11:20:04+00:00 DEBUG tt4b_product_delete: missing access token for tt4b_product_sync
2024-11-12T11:20:52+00:00 DEBUG tt4b_product_delete: missing access token for tt4b_product_sync
2024-11-12T11:20:52+00:00 DEBUG tt4b_product_delete: missing access token for tt4b_product_sync
2024-11-12T11:20:52+00:00 DEBUG tt4b_product_delete: missing access token for tt4b_product_sync
2024-11-12T11:20:52+00:00 DEBUG tt4b_product_delete: missing access token for tt4b_product_sync
2024-11-12T11:20:52+00:00 DEBUG tt4b_product_delete: missing access token for tt4b_product_sync
2024-11-12T11:20:53+00:00 DEBUG tt4b_product_delete: missing access token for tt4b_product_sync
2024-11-12T11:20:53+00:00 DEBUG tt4b_product_delete: missing access token for tt4b_product_sync
2024-11-12T11:20:53+00:00 DEBUG tt4b_product_delete: missing access token for tt4b_product_sync
2024-11-12T11:20:53+00:00 DEBUG tt4b_product_delete: missing access token for tt4b_product_sync
2024-11-12T11:20:53+00:00 DEBUG tt4b_product_delete: missing access token for tt4b_product_sync
2024-11-12T11:25:40+00:00 DEBUG Tt4b_Pixel_Class::inject_view_content_event: hit ViewContent
2024-11-12T11:25:40+00:00 DEBUG Tt4b_Pixel_Class::inject_view_content_event: Missing option "access_token"
2024-11-12T11:25:42+00:00 DEBUG Tt4b_Pixel_Class::inject_add_to_cart_event: hit AddToCart
2024-11-12T11:25:42+00:00 DEBUG Tt4b_Pixel_Class::inject_add_to_cart_event: Missing option "access_token"
2024-11-12T11:25:47+00:00 DEBUG Tt4b_Pixel_Class::inject_add_to_cart_event: hit AddToCart
2024-11-12T11:25:47+00:00 DEBUG Tt4b_Pixel_Class::inject_add_to_cart_event: Missing option "access_token"
2024-11-12T11:26:02+00:00 DEBUG Tt4b_Pixel_Class::inject_view_content_event: hit ViewContent
2024-11-12T11:26:02+00:00 DEBUG Tt4b_Pixel_Class::inject_view_content_event: Missing option "access_token"
2024-11-12T11:26:02+00:00 DEBUG Tt4b_Pixel_Class::inject_add_to_cart_event: hit AddToCart
2024-11-12T11:26:02+00:00 DEBUG Tt4b_Pixel_Class::inject_add_to_cart_event: Missing option "access_token"
2024-11-12T11:26:08+00:00 DEBUG Tt4b_Pixel_Class::inject_view_content_event: hit ViewContent
2024-11-12T11:26:08+00:00 DEBUG Tt4b_Pixel_Class::inject_view_content_event: Missing option "access_token"
2024-11-12T11:26:10+00:00 DEBUG Tt4b_Pixel_Class::inject_add_to_cart_event: hit AddToCart
2024-11-12T11:26:10+00:00 DEBUG Tt4b_Pixel_Class::inject_add_to_cart_event: Missing option "access_token"
2024-11-12T11:26:15+00:00 DEBUG Tt4b_Pixel_Class::inject_add_to_cart_event: hit AddToCart
2024-11-12T11:26:15+00:00 DEBUG Tt4b_Pixel_Class::inject_add_to_cart_event: Missing option "access_token"
2024-11-12T11:26:29+00:00 DEBUG Tt4b_Pixel_Class::inject_view_content_event: hit ViewContent
2024-11-12T11:26:29+00:00 DEBUG Tt4b_Pixel_Class::inject_view_content_event: Missing option "access_token"
2024-11-12T11:26:31+00:00 DEBUG Tt4b_Pixel_Class::inject_view_content_event: hit ViewContent
2024-11-12T11:26:31+00:00 DEBUG Tt4b_Pixel_Class::inject_view_content_event: Missing option "access_token"
2024-11-12T11:26:32+00:00 DEBUG Tt4b_Pixel_Class::inject_add_to_cart_event: hit AddToCart
2024-11-12T11:26:32+00:00 DEBUG Tt4b_Pixel_Class::inject_add_to_cart_event: Missing option "access_token"
2024-11-12T11:26:32+00:00 DEBUG Tt4b_Pixel_Class::inject_view_content_event: hit ViewContent
2024-11-12T11:26:32+00:00 DEBUG Tt4b_Pixel_Class::inject_view_content_event: Missing option "access_token"
2024-11-12T11:26:34+00:00 DEBUG Tt4b_Pixel_Class::inject_add_to_cart_event: hit AddToCart
2024-11-12T11:26:34+00:00 DEBUG Tt4b_Pixel_Class::inject_add_to_cart_event: Missing option "access_token"
2024-11-12T11:26:35+00:00 DEBUG Tt4b_Pixel_Class::inject_add_to_cart_event: hit AddToCart
2024-11-12T11:26:35+00:00 DEBUG Tt4b_Pixel_Class::inject_add_to_cart_event: Missing option "access_token"
2024-11-12T11:26:37+00:00 DEBUG Tt4b_Pixel_Class::inject_add_to_cart_event: hit AddToCart
2024-11-12T11:26:37+00:00 DEBUG Tt4b_Pixel_Class::inject_add_to_cart_event: Missing option "access_token"
2024-11-12T11:26:39+00:00 DEBUG Tt4b_Pixel_Class::inject_add_to_cart_event: hit AddToCart
2024-11-12T11:26:39+00:00 DEBUG Tt4b_Pixel_Class::inject_add_to_cart_event: Missing option "access_token"
2024-11-12T11:26:40+00:00 DEBUG Tt4b_Pixel_Class::inject_add_to_cart_event: hit AddToCart
2024-11-12T11:26:40+00:00 DEBUG Tt4b_Pixel_Class::inject_add_to_cart_event: Missing option "access_token"
2024-11-12T11:26:56+00:00 DEBUG Tt4b_Pixel_Class::inject_view_content_event: hit ViewContent
2024-11-12T11:26:56+00:00 DEBUG Tt4b_Pixel_Class::inject_view_content_event: Missing option "access_token"
2024-11-12T11:26:56+00:00 DEBUG Tt4b_Pixel_Class::inject_view_content_event: hit ViewContent
2024-11-12T11:26:56+00:00 DEBUG Tt4b_Pixel_Class::inject_view_content_event: Missing option "access_token"
2024-11-12T11:26:58+00:00 DEBUG Tt4b_Pixel_Class::inject_add_to_cart_event: hit AddToCart
2024-11-12T11:26:58+00:00 DEBUG Tt4b_Pixel_Class::inject_add_to_cart_event: Missing option "access_token"
2024-11-12T11:26:59+00:00 DEBUG Tt4b_Pixel_Class::inject_add_to_cart_event: hit AddToCart
2024-11-12T11:26:59+00:00 DEBUG Tt4b_Pixel_Class::inject_add_to_cart_event: Missing option "access_token"
2024-11-12T11:27:06+00:00 DEBUG Tt4b_Pixel_Class::inject_view_content_event: hit ViewContent
2024-11-12T11:27:06+00:00 DEBUG Tt4b_Pixel_Class::inject_view_content_event: Missing option "access_token"
2024-11-12T11:27:07+00:00 DEBUG Tt4b_Pixel_Class::inject_view_content_event: hit ViewContent
2024-11-12T11:27:07+00:00 DEBUG Tt4b_Pixel_Class::inject_view_content_event: Missing option "access_token"
2024-11-12T11:27:09+00:00 DEBUG Tt4b_Pixel_Class::inject_add_to_cart_event: hit AddToCart
2024-11-12T11:27:09+00:00 DEBUG Tt4b_Pixel_Class::inject_add_to_cart_event: Missing option "access_token"
2024-11-12T11:27:09+00:00 DEBUG Tt4b_Pixel_Class::inject_add_to_cart_event: hit AddToCart
2024-11-12T11:27:09+00:00 DEBUG Tt4b_Pixel_Class::inject_add_to_cart_event: Missing option "access_token"
2024-11-12T11:27:14+00:00 DEBUG Tt4b_Pixel_Class::inject_add_to_cart_event: hit AddToCart
2024-11-12T11:27:14+00:00 DEBUG Tt4b_Pixel_Class::inject_add_to_cart_event: Missing option "access_token"
2024-11-12T11:27:14+00:00 DEBUG Tt4b_Pixel_Class::inject_add_to_cart_event: hit AddToCart
2024-11-12T11:27:14+00:00 DEBUG Tt4b_Pixel_Class::inject_add_to_cart_event: Missing option "access_token"
2024-11-12T11:31:25+00:00 DEBUG Tt4b_Pixel_Class::inject_view_content_event: hit ViewContent
2024-11-12T11:31:25+00:00 DEBUG Tt4b_Pixel_Class::inject_view_content_event: Missing option "access_token"
2024-11-12T11:31:26+00:00 DEBUG Tt4b_Pixel_Class::inject_add_to_cart_event: hit AddToCart
2024-11-12T11:31:26+00:00 DEBUG Tt4b_Pixel_Class::inject_add_to_cart_event: Missing option "access_token"
2024-11-12T11:31:33+00:00 DEBUG Tt4b_Pixel_Class::inject_view_content_event: hit ViewContent
2024-11-12T11:31:33+00:00 DEBUG Tt4b_Pixel_Class::inject_view_content_event: Missing option "access_token"
2024-11-12T11:31:33+00:00 DEBUG Tt4b_Pixel_Class::inject_add_to_cart_event: hit AddToCart
2024-11-12T11:31:33+00:00 DEBUG Tt4b_Pixel_Class::inject_add_to_cart_event: Missing option "access_token"
2024-11-12T11:31:38+00:00 DEBUG Tt4b_Pixel_Class::inject_add_to_cart_event: hit AddToCart
2024-11-12T11:31:38+00:00 DEBUG Tt4b_Pixel_Class::inject_add_to_cart_event: Missing option "access_token"
2024-11-12T11:31:46+00:00 DEBUG Tt4b_Pixel_Class::inject_add_to_cart_event: hit AddToCart
2024-11-12T11:31:46+00:00 DEBUG Tt4b_Pixel_Class::inject_add_to_cart_event: Missing option "access_token"
2024-11-12T11:31:50+00:00 DEBUG Tt4b_Pixel_Class::inject_add_to_cart_event: hit AddToCart
2024-11-12T11:31:50+00:00 DEBUG Tt4b_Pixel_Class::inject_add_to_cart_event: Missing option "access_token"
2024-11-12T11:31:55+00:00 DEBUG Tt4b_Pixel_Class::inject_add_to_cart_event: hit AddToCart
2024-11-12T11:31:55+00:00 DEBUG Tt4b_Pixel_Class::inject_add_to_cart_event: Missing option "access_token"
2024-11-12T11:36:22+00:00 DEBUG tt4b_product_delete: missing access token for tt4b_product_sync
2024-11-12T11:36:22+00:00 DEBUG tt4b_product_delete: missing access token for tt4b_product_sync
2024-11-12T11:36:22+00:00 DEBUG tt4b_product_delete: missing access token for tt4b_product_sync
2024-11-12T11:36:22+00:00 DEBUG tt4b_product_delete: missing access token for tt4b_product_sync
2024-11-12T11:36:22+00:00 DEBUG tt4b_product_delete: missing access token for tt4b_product_sync
2024-11-12T11:36:22+00:00 DEBUG tt4b_product_delete: missing access token for tt4b_product_sync
2024-11-12T11:36:23+00:00 DEBUG tt4b_product_delete: missing access token for tt4b_product_sync
2024-11-12T11:36:23+00:00 DEBUG tt4b_product_delete: missing access token for tt4b_product_sync
2024-11-12T11:36:23+00:00 DEBUG tt4b_product_delete: missing access token for tt4b_product_sync
2024-11-12T11:36:23+00:00 DEBUG tt4b_product_delete: missing access token for tt4b_product_sync
2024-11-12T11:36:23+00:00 DEBUG tt4b_product_delete: missing access token for tt4b_product_sync
2024-11-12T11:36:23+00:00 DEBUG tt4b_product_delete: missing access token for tt4b_product_sync
2024-11-12T11:36:23+00:00 DEBUG tt4b_product_delete: missing access token for tt4b_product_sync
2024-11-12T11:36:23+00:00 DEBUG tt4b_product_delete: missing access token for tt4b_product_sync
2024-11-12T11:36:23+00:00 DEBUG tt4b_product_delete: missing access token for tt4b_product_sync
2024-11-12T11:36:23+00:00 DEBUG tt4b_product_delete: missing access token for tt4b_product_sync
2024-11-12T11:36:23+00:00 DEBUG tt4b_product_delete: missing access token for tt4b_product_sync
2024-11-12T11:36:24+00:00 DEBUG tt4b_product_delete: missing access token for tt4b_product_sync
2024-11-12T11:36:24+00:00 DEBUG tt4b_product_delete: missing access token for tt4b_product_sync
2024-11-12T11:36:24+00:00 DEBUG tt4b_product_delete: missing access token for tt4b_product_sync
2024-11-12T11:36:24+00:00 DEBUG tt4b_product_delete: missing access token for tt4b_product_sync
2024-11-12T11:36:24+00:00 DEBUG tt4b_product_delete: missing access token for tt4b_product_sync
2024-11-12T11:36:24+00:00 DEBUG tt4b_product_delete: missing access token for tt4b_product_sync
2024-11-12T11:36:24+00:00 DEBUG tt4b_product_delete: missing access token for tt4b_product_sync
2024-11-12T11:36:24+00:00 DEBUG tt4b_product_delete: missing access token for tt4b_product_sync
2024-11-12T11:36:24+00:00 DEBUG tt4b_product_delete: missing access token for tt4b_product_sync
2024-11-12T11:36:24+00:00 DEBUG tt4b_product_delete: missing access token for tt4b_product_sync
2024-11-12T11:36:24+00:00 DEBUG tt4b_product_delete: missing access token for tt4b_product_sync
2024-11-12T11:36:24+00:00 DEBUG tt4b_product_delete: missing access token for tt4b_product_sync
2024-11-12T11:36:24+00:00 DEBUG tt4b_product_delete: missing access token for tt4b_product_sync
2024-11-12T11:36:25+00:00 DEBUG tt4b_product_delete: missing access token for tt4b_product_sync
2024-11-12T11:36:25+00:00 DEBUG tt4b_product_delete: missing access token for tt4b_product_sync
2024-11-12T11:36:25+00:00 DEBUG tt4b_product_delete: missing access token for tt4b_product_sync
2024-11-12T11:36:25+00:00 DEBUG tt4b_product_delete: missing access token for tt4b_product_sync
2024-11-12T11:36:25+00:00 DEBUG tt4b_product_delete: missing access token for tt4b_product_sync
2024-11-12T11:36:25+00:00 DEBUG tt4b_product_delete: missing access token for tt4b_product_sync
2024-11-12T11:36:25+00:00 DEBUG tt4b_product_delete: missing access token for tt4b_product_sync
2024-11-12T11:36:25+00:00 DEBUG tt4b_product_delete: missing access token for tt4b_product_sync
2024-11-12T11:36:25+00:00 DEBUG tt4b_product_delete: missing access token for tt4b_product_sync
2024-11-12T11:36:32+00:00 DEBUG tt4b_product_delete: missing access token for tt4b_product_sync
2024-11-12T11:36:33+00:00 DEBUG tt4b_product_delete: missing access token for tt4b_product_sync
2024-11-12T11:36:33+00:00 DEBUG tt4b_product_delete: missing access token for tt4b_product_sync
2024-11-12T11:36:33+00:00 DEBUG tt4b_product_delete: missing access token for tt4b_product_sync
2024-11-12T11:36:33+00:00 DEBUG tt4b_product_delete: missing access token for tt4b_product_sync
2024-11-12T11:36:33+00:00 DEBUG tt4b_product_delete: missing access token for tt4b_product_sync
2024-11-12T11:36:33+00:00 DEBUG tt4b_product_delete: missing access token for tt4b_product_sync
2024-11-12T11:36:33+00:00 DEBUG tt4b_product_delete: missing access token for tt4b_product_sync
2024-11-12T11:36:33+00:00 DEBUG tt4b_product_delete: missing access token for tt4b_product_sync
2024-11-12T11:36:33+00:00 DEBUG tt4b_product_delete: missing access token for tt4b_product_sync
2024-11-12T11:36:33+00:00 DEBUG tt4b_product_delete: missing access token for tt4b_product_sync
2024-11-12T11:36:33+00:00 DEBUG tt4b_product_delete: missing access token for tt4b_product_sync
2024-11-12T11:36:34+00:00 DEBUG tt4b_product_delete: missing access token for tt4b_product_sync
2024-11-12T11:36:34+00:00 DEBUG tt4b_product_delete: missing access token for tt4b_product_sync
2024-11-12T11:36:34+00:00 DEBUG tt4b_product_delete: missing access token for tt4b_product_sync
2024-11-12T11:36:34+00:00 DEBUG tt4b_product_delete: missing access token for tt4b_product_sync
2024-11-12T11:36:34+00:00 DEBUG tt4b_product_delete: missing access token for tt4b_product_sync
2024-11-12T11:36:34+00:00 DEBUG tt4b_product_delete: missing access token for tt4b_product_sync
2024-11-12T11:36:34+00:00 DEBUG tt4b_product_delete: missing access token for tt4b_product_sync
2024-11-12T11:36:34+00:00 DEBUG tt4b_product_delete: missing access token for tt4b_product_sync
2024-11-12T11:36:35+00:00 DEBUG tt4b_product_delete: missing access token for tt4b_product_sync
2024-11-12T11:36:35+00:00 DEBUG tt4b_product_delete: missing access token for tt4b_product_sync
2024-11-12T11:36:35+00:00 DEBUG tt4b_product_delete: missing access token for tt4b_product_sync
2024-11-12T11:36:35+00:00 DEBUG tt4b_product_delete: missing access token for tt4b_product_sync
2024-11-12T11:36:35+00:00 DEBUG tt4b_product_delete: missing access token for tt4b_product_sync
2024-11-12T11:36:35+00:00 DEBUG tt4b_product_delete: missing access token for tt4b_product_sync
2024-11-12T11:36:35+00:00 DEBUG tt4b_product_delete: missing access token for tt4b_product_sync
2024-11-12T11:36:35+00:00 DEBUG tt4b_product_delete: missing access token for tt4b_product_sync
2024-11-12T11:36:35+00:00 DEBUG tt4b_product_delete: missing access token for tt4b_product_sync
2024-11-12T11:36:35+00:00 DEBUG tt4b_product_delete: missing access token for tt4b_product_sync
2024-11-12T11:36:35+00:00 DEBUG tt4b_product_delete: missing access token for tt4b_product_sync
2024-11-12T11:36:36+00:00 DEBUG tt4b_product_delete: missing access token for tt4b_product_sync
2024-11-12T11:36:36+00:00 DEBUG tt4b_product_delete: missing access token for tt4b_product_sync
2024-11-12T11:36:36+00:00 DEBUG tt4b_product_delete: missing access token for tt4b_product_sync
2024-11-12T11:36:36+00:00 DEBUG tt4b_product_delete: missing access token for tt4b_product_sync
2024-11-12T11:36:36+00:00 DEBUG tt4b_product_delete: missing access token for tt4b_product_sync
2024-11-12T11:36:36+00:00 DEBUG tt4b_product_delete: missing access token for tt4b_product_sync
2024-11-12T11:36:36+00:00 DEBUG tt4b_product_delete: missing access token for tt4b_product_sync
2024-11-12T11:36:36+00:00 DEBUG tt4b_product_delete: missing access token for tt4b_product_sync
2024-11-12T11:36:37+00:00 DEBUG tt4b_product_delete: missing access token for tt4b_product_sync
2024-11-12T11:36:37+00:00 DEBUG tt4b_product_delete: missing access token for tt4b_product_sync
2024-11-12T11:36:37+00:00 DEBUG tt4b_product_delete: missing access token for tt4b_product_sync
2024-11-12T11:36:37+00:00 DEBUG tt4b_product_delete: missing access token for tt4b_product_sync
2024-11-12T11:36:37+00:00 DEBUG tt4b_product_delete: missing access token for tt4b_product_sync
2024-11-12T11:36:37+00:00 DEBUG tt4b_product_delete: missing access token for tt4b_product_sync
2024-11-12T11:36:37+00:00 DEBUG tt4b_product_delete: missing access token for tt4b_product_sync
2024-11-12T11:36:37+00:00 DEBUG tt4b_product_delete: missing access token for tt4b_product_sync
2024-11-12T11:36:37+00:00 DEBUG tt4b_product_delete: missing access token for tt4b_product_sync
2024-11-12T11:36:37+00:00 DEBUG tt4b_product_delete: missing access token for tt4b_product_sync
2024-11-12T11:36:38+00:00 DEBUG tt4b_product_delete: missing access token for tt4b_product_sync
2024-11-12T11:36:38+00:00 DEBUG tt4b_product_delete: missing access token for tt4b_product_sync
2024-11-12T11:36:38+00:00 DEBUG tt4b_product_delete: missing access token for tt4b_product_sync
2024-11-12T11:36:38+00:00 DEBUG tt4b_product_delete: missing access token for tt4b_product_sync
2024-11-12T11:36:38+00:00 DEBUG tt4b_product_delete: missing access token for tt4b_product_sync
2024-11-12T11:36:38+00:00 DEBUG tt4b_product_delete: missing access token for tt4b_product_sync
2024-11-12T11:36:38+00:00 DEBUG tt4b_product_delete: missing access token for tt4b_product_sync
2024-11-12T11:36:39+00:00 DEBUG tt4b_product_delete: missing access token for tt4b_product_sync
2024-11-12T11:36:39+00:00 DEBUG tt4b_product_delete: missing access token for tt4b_product_sync
2024-11-12T11:36:39+00:00 DEBUG tt4b_product_delete: missing access token for tt4b_product_sync
2024-11-12T11:36:39+00:00 DEBUG tt4b_product_delete: missing access token for tt4b_product_sync
2024-11-12T11:36:39+00:00 DEBUG tt4b_product_delete: missing access token for tt4b_product_sync
2024-11-12T11:36:39+00:00 DEBUG tt4b_product_delete: missing access token for tt4b_product_sync
2024-11-12T11:36:39+00:00 DEBUG tt4b_product_delete: missing access token for tt4b_product_sync
2024-11-12T11:36:39+00:00 DEBUG tt4b_product_delete: missing access token for tt4b_product_sync
2024-11-12T11:36:39+00:00 DEBUG tt4b_product_delete: missing access token for tt4b_product_sync
2024-11-12T11:37:46+00:00 DEBUG Tt4b_Pixel_Class::inject_view_content_event: hit ViewContent
2024-11-12T11:37:46+00:00 DEBUG Tt4b_Pixel_Class::inject_view_content_event: Missing option "access_token"
2024-11-12T11:37:47+00:00 DEBUG Tt4b_Pixel_Class::inject_add_to_cart_event: hit AddToCart
2024-11-12T11:37:47+00:00 DEBUG Tt4b_Pixel_Class::inject_add_to_cart_event: Missing option "access_token"
2024-11-12T11:37:52+00:00 DEBUG Tt4b_Pixel_Class::inject_add_to_cart_event: hit AddToCart
2024-11-12T11:37:52+00:00 DEBUG Tt4b_Pixel_Class::inject_add_to_cart_event: Missing option "access_token"
2024-11-12T11:37:57+00:00 DEBUG Tt4b_Pixel_Class::inject_add_to_cart_event: hit AddToCart
2024-11-12T11:37:57+00:00 DEBUG Tt4b_Pixel_Class::inject_add_to_cart_event: Missing option "access_token"
2024-11-12T11:38:02+00:00 DEBUG Tt4b_Pixel_Class::inject_add_to_cart_event: hit AddToCart
2024-11-12T11:38:02+00:00 DEBUG Tt4b_Pixel_Class::inject_add_to_cart_event: Missing option "access_token"
2024-11-12T11:38:02+00:00 DEBUG Tt4b_Pixel_Class::inject_add_to_cart_event: hit AddToCart
2024-11-12T11:38:02+00:00 DEBUG Tt4b_Pixel_Class::inject_add_to_cart_event: Missing option "access_token"
2024-11-12T11:38:47+00:00 DEBUG Tt4b_Pixel_Class::inject_view_content_event: hit ViewContent
2024-11-12T11:38:47+00:00 DEBUG Tt4b_Pixel_Class::inject_view_content_event: Missing option "access_token"
2024-11-12T11:38:48+00:00 DEBUG Tt4b_Pixel_Class::inject_add_to_cart_event: hit AddToCart
2024-11-12T11:38:48+00:00 DEBUG Tt4b_Pixel_Class::inject_add_to_cart_event: Missing option "access_token"
2024-11-12T11:38:53+00:00 DEBUG Tt4b_Pixel_Class::inject_add_to_cart_event: hit AddToCart
2024-11-12T11:38:53+00:00 DEBUG Tt4b_Pixel_Class::inject_add_to_cart_event: Missing option "access_token"
2024-11-12T11:39:00+00:00 DEBUG Tt4b_Pixel_Class::inject_view_content_event: hit ViewContent
2024-11-12T11:39:00+00:00 DEBUG Tt4b_Pixel_Class::inject_view_content_event: Missing option "access_token"
2024-11-12T11:39:01+00:00 DEBUG Tt4b_Pixel_Class::inject_add_to_cart_event: hit AddToCart
2024-11-12T11:39:01+00:00 DEBUG Tt4b_Pixel_Class::inject_add_to_cart_event: Missing option "access_token"
2024-11-12T11:39:10+00:00 DEBUG Tt4b_Pixel_Class::inject_view_content_event: hit ViewContent
2024-11-12T11:39:10+00:00 DEBUG Tt4b_Pixel_Class::inject_view_content_event: Missing option "access_token"
2024-11-12T11:39:11+00:00 DEBUG Tt4b_Pixel_Class::inject_add_to_cart_event: hit AddToCart
2024-11-12T11:39:11+00:00 DEBUG Tt4b_Pixel_Class::inject_add_to_cart_event: Missing option "access_token"
2024-11-12T11:39:16+00:00 DEBUG Tt4b_Pixel_Class::inject_add_to_cart_event: hit AddToCart
2024-11-12T11:39:16+00:00 DEBUG Tt4b_Pixel_Class::inject_add_to_cart_event: Missing option "access_token"
2024-11-12T11:39:22+00:00 DEBUG Tt4b_Pixel_Class::inject_view_content_event: hit ViewContent
2024-11-12T11:39:22+00:00 DEBUG Tt4b_Pixel_Class::inject_view_content_event: Missing option "access_token"
2024-11-12T11:39:23+00:00 DEBUG Tt4b_Pixel_Class::inject_add_to_cart_event: hit AddToCart
2024-11-12T11:39:23+00:00 DEBUG Tt4b_Pixel_Class::inject_add_to_cart_event: Missing option "access_token"
2024-11-12T11:39:27+00:00 DEBUG Tt4b_Pixel_Class::inject_view_content_event: hit ViewContent
2024-11-12T11:39:27+00:00 DEBUG Tt4b_Pixel_Class::inject_view_content_event: Missing option "access_token"
2024-11-12T11:39:28+00:00 DEBUG Tt4b_Pixel_Class::inject_add_to_cart_event: hit AddToCart
2024-11-12T11:39:28+00:00 DEBUG Tt4b_Pixel_Class::inject_add_to_cart_event: Missing option "access_token"
2024-11-12T11:39:28+00:00 DEBUG Tt4b_Pixel_Class::inject_add_to_cart_event: hit AddToCart
2024-11-12T11:39:28+00:00 DEBUG Tt4b_Pixel_Class::inject_add_to_cart_event: Missing option "access_token"
2024-11-12T11:39:33+00:00 DEBUG Tt4b_Pixel_Class::inject_add_to_cart_event: hit AddToCart
2024-11-12T11:39:33+00:00 DEBUG Tt4b_Pixel_Class::inject_add_to_cart_event: Missing option "access_token"
2024-11-12T11:41:31+00:00 DEBUG Tt4b_Pixel_Class::inject_view_content_event: hit ViewContent
2024-11-12T11:41:31+00:00 DEBUG Tt4b_Pixel_Class::inject_view_content_event: Missing option "access_token"
2024-11-12T11:41:32+00:00 DEBUG Tt4b_Pixel_Class::inject_add_to_cart_event: hit AddToCart
2024-11-12T11:41:32+00:00 DEBUG Tt4b_Pixel_Class::inject_add_to_cart_event: Missing option "access_token"
2024-11-12T11:41:37+00:00 DEBUG Tt4b_Pixel_Class::inject_add_to_cart_event: hit AddToCart
2024-11-12T11:41:37+00:00 DEBUG Tt4b_Pixel_Class::inject_add_to_cart_event: Missing option "access_token"
2024-11-12T11:41:38+00:00 DEBUG Tt4b_Pixel_Class::inject_view_content_event: hit ViewContent
2024-11-12T11:41:38+00:00 DEBUG Tt4b_Pixel_Class::inject_view_content_event: Missing option "access_token"
2024-11-12T11:41:39+00:00 DEBUG Tt4b_Pixel_Class::inject_add_to_cart_event: hit AddToCart
2024-11-12T11:41:39+00:00 DEBUG Tt4b_Pixel_Class::inject_add_to_cart_event: Missing option "access_token"
2024-11-12T11:41:44+00:00 DEBUG Tt4b_Pixel_Class::inject_add_to_cart_event: hit AddToCart
2024-11-12T11:41:44+00:00 DEBUG Tt4b_Pixel_Class::inject_add_to_cart_event: Missing option "access_token"
2024-11-12T11:41:44+00:00 DEBUG Tt4b_Pixel_Class::inject_view_content_event: hit ViewContent
2024-11-12T11:41:44+00:00 DEBUG Tt4b_Pixel_Class::inject_view_content_event: Missing option "access_token"
2024-11-12T11:41:45+00:00 DEBUG Tt4b_Pixel_Class::inject_add_to_cart_event: hit AddToCart
2024-11-12T11:41:45+00:00 DEBUG Tt4b_Pixel_Class::inject_add_to_cart_event: Missing option "access_token"
2024-11-12T11:41:50+00:00 DEBUG Tt4b_Pixel_Class::inject_view_content_event: hit ViewContent
2024-11-12T11:41:50+00:00 DEBUG Tt4b_Pixel_Class::inject_view_content_event: Missing option "access_token"
2024-11-12T11:41:50+00:00 DEBUG Tt4b_Pixel_Class::inject_add_to_cart_event: hit AddToCart
2024-11-12T11:41:50+00:00 DEBUG Tt4b_Pixel_Class::inject_add_to_cart_event: Missing option "access_token"
2024-11-12T11:41:51+00:00 DEBUG Tt4b_Pixel_Class::inject_add_to_cart_event: hit AddToCart
2024-11-12T11:41:51+00:00 DEBUG Tt4b_Pixel_Class::inject_add_to_cart_event: Missing option "access_token"
2024-11-12T11:41:56+00:00 DEBUG Tt4b_Pixel_Class::inject_add_to_cart_event: hit AddToCart
2024-11-12T11:41:56+00:00 DEBUG Tt4b_Pixel_Class::inject_add_to_cart_event: Missing option "access_token"
2024-11-12T11:41:57+00:00 DEBUG Tt4b_Pixel_Class::inject_view_content_event: hit ViewContent
2024-11-12T11:41:57+00:00 DEBUG Tt4b_Pixel_Class::inject_view_content_event: Missing option "access_token"
2024-11-12T11:41:57+00:00 DEBUG Tt4b_Pixel_Class::inject_view_content_event: hit ViewContent
2024-11-12T11:41:57+00:00 DEBUG Tt4b_Pixel_Class::inject_view_content_event: Missing option "access_token"
2024-11-12T11:41:59+00:00 DEBUG Tt4b_Pixel_Class::inject_add_to_cart_event: hit AddToCart
2024-11-12T11:41:59+00:00 DEBUG Tt4b_Pixel_Class::inject_add_to_cart_event: Missing option "access_token"
2024-11-12T11:42:04+00:00 DEBUG Tt4b_Pixel_Class::inject_add_to_cart_event: hit AddToCart
2024-11-12T11:42:04+00:00 DEBUG Tt4b_Pixel_Class::inject_add_to_cart_event: Missing option "access_token"
2024-11-12T11:42:24+00:00 DEBUG Tt4b_Pixel_Class::inject_view_content_event: hit ViewContent
2024-11-12T11:42:24+00:00 DEBUG Tt4b_Pixel_Class::inject_view_content_event: Missing option "access_token"
2024-11-12T11:42:24+00:00 DEBUG Tt4b_Pixel_Class::inject_add_to_cart_event: hit AddToCart
2024-11-12T11:42:24+00:00 DEBUG Tt4b_Pixel_Class::inject_add_to_cart_event: Missing option "access_token"
2024-11-12T11:42:31+00:00 DEBUG Tt4b_Pixel_Class::inject_add_to_cart_event: hit AddToCart
2024-11-12T11:42:31+00:00 DEBUG Tt4b_Pixel_Class::inject_add_to_cart_event: Missing option "access_token"
2024-11-12T11:45:11+00:00 DEBUG Tt4b_Pixel_Class::inject_view_content_event: hit ViewContent
2024-11-12T11:45:11+00:00 DEBUG Tt4b_Pixel_Class::inject_view_content_event: Missing option "access_token"
2024-11-12T11:45:15+00:00 DEBUG Tt4b_Pixel_Class::inject_add_to_cart_event: hit AddToCart
2024-11-12T11:45:15+00:00 DEBUG Tt4b_Pixel_Class::inject_add_to_cart_event: Missing option "access_token"
2024-11-12T11:45:20+00:00 DEBUG Tt4b_Pixel_Class::inject_add_to_cart_event: hit AddToCart
2024-11-12T11:45:20+00:00 DEBUG Tt4b_Pixel_Class::inject_add_to_cart_event: Missing option "access_token"
2024-11-12T11:45:31+00:00 DEBUG Tt4b_Pixel_Class::inject_view_content_event: hit ViewContent
2024-11-12T11:45:31+00:00 DEBUG Tt4b_Pixel_Class::inject_view_content_event: Missing option "access_token"
2024-11-12T11:45:35+00:00 DEBUG Tt4b_Pixel_Class::inject_add_to_cart_event: hit AddToCart
2024-11-12T11:45:35+00:00 DEBUG Tt4b_Pixel_Class::inject_add_to_cart_event: Missing option "access_token"
2024-11-12T11:48:22+00:00 DEBUG Tt4b_Pixel_Class::inject_view_content_event: hit ViewContent
2024-11-12T11:48:22+00:00 DEBUG Tt4b_Pixel_Class::inject_view_content_event: Missing option "access_token"
2024-11-12T11:48:24+00:00 DEBUG Tt4b_Pixel_Class::inject_add_to_cart_event: hit AddToCart
2024-11-12T11:48:24+00:00 DEBUG Tt4b_Pixel_Class::inject_add_to_cart_event: Missing option "access_token"
2024-11-12T11:48:29+00:00 DEBUG Tt4b_Pixel_Class::inject_add_to_cart_event: hit AddToCart
2024-11-12T11:48:29+00:00 DEBUG Tt4b_Pixel_Class::inject_add_to_cart_event: Missing option "access_token"
2024-11-12T11:48:37+00:00 DEBUG Tt4b_Pixel_Class::inject_add_to_cart_event: hit AddToCart
2024-11-12T11:48:37+00:00 DEBUG Tt4b_Pixel_Class::inject_add_to_cart_event: Missing option "access_token"
2024-11-12T11:48:41+00:00 DEBUG Tt4b_Pixel_Class::inject_add_to_cart_event: hit AddToCart
2024-11-12T11:48:41+00:00 DEBUG Tt4b_Pixel_Class::inject_add_to_cart_event: Missing option "access_token"
2024-11-12T11:48:42+00:00 DEBUG Tt4b_Pixel_Class::inject_add_to_cart_event: hit AddToCart
2024-11-12T11:48:42+00:00 DEBUG Tt4b_Pixel_Class::inject_add_to_cart_event: Missing option "access_token"
2024-11-12T11:48:46+00:00 DEBUG Tt4b_Pixel_Class::inject_initiate_checkout_event: hit InitiateCheckout
2024-11-12T11:48:46+00:00 DEBUG Tt4b_Pixel_Class::inject_initiate_checkout_event: Missing option "access_token"
2024-11-12T16:15:24+00:00 DEBUG Tt4b_Pixel_Class::inject_view_content_event: hit ViewContent
2024-11-12T16:15:24+00:00 DEBUG Tt4b_Pixel_Class::inject_view_content_event: Missing option "access_token"
2024-11-12T16:15:27+00:00 DEBUG Tt4b_Pixel_Class::inject_add_to_cart_event: hit AddToCart
2024-11-12T16:15:27+00:00 DEBUG Tt4b_Pixel_Class::inject_add_to_cart_event: Missing option "access_token"
2024-11-12T16:15:32+00:00 DEBUG Tt4b_Pixel_Class::inject_add_to_cart_event: hit AddToCart
2024-11-12T16:15:32+00:00 DEBUG Tt4b_Pixel_Class::inject_add_to_cart_event: Missing option "access_token"
2024-11-12T19:01:00+00:00 DEBUG Tt4b_Pixel_Class::inject_view_content_event: hit ViewContent
2024-11-12T19:01:00+00:00 DEBUG Tt4b_Pixel_Class::inject_view_content_event: Missing option "access_token"
2024-11-12T19:01:02+00:00 DEBUG Tt4b_Pixel_Class::inject_add_to_cart_event: hit AddToCart
2024-11-12T19:01:02+00:00 DEBUG Tt4b_Pixel_Class::inject_add_to_cart_event: Missing option "access_token"
2024-11-12T19:01:08+00:00 DEBUG Tt4b_Pixel_Class::inject_add_to_cart_event: hit AddToCart
2024-11-12T19:01:08+00:00 DEBUG Tt4b_Pixel_Class::inject_add_to_cart_event: Missing option "access_token"
2024-11-12T19:32:47+00:00 DEBUG Tt4b_Pixel_Class::inject_view_content_event: hit ViewContent
2024-11-12T19:32:47+00:00 DEBUG Tt4b_Pixel_Class::inject_view_content_event: Missing option "access_token"
2024-11-12T19:32:50+00:00 DEBUG Tt4b_Pixel_Class::inject_add_to_cart_event: hit AddToCart
2024-11-12T19:32:50+00:00 DEBUG Tt4b_Pixel_Class::inject_add_to_cart_event: Missing option "access_token"
2024-11-12T19:40:20+00:00 DEBUG Tt4b_Pixel_Class::inject_view_content_event: hit ViewContent
2024-11-12T19:40:20+00:00 DEBUG Tt4b_Pixel_Class::inject_view_content_event: Missing option "access_token"
2024-11-12T19:40:23+00:00 DEBUG Tt4b_Pixel_Class::inject_add_to_cart_event: hit AddToCart
2024-11-12T19:40:23+00:00 DEBUG Tt4b_Pixel_Class::inject_add_to_cart_event: Missing option "access_token"
2024-11-12T19:40:28+00:00 DEBUG Tt4b_Pixel_Class::inject_add_to_cart_event: hit AddToCart
2024-11-12T19:40:28+00:00 DEBUG Tt4b_Pixel_Class::inject_add_to_cart_event: Missing option "access_token"
2024-11-12T19:40:35+00:00 DEBUG Tt4b_Pixel_Class::inject_view_content_event: hit ViewContent
2024-11-12T19:40:35+00:00 DEBUG Tt4b_Pixel_Class::inject_view_content_event: Missing option "access_token"
2024-11-12T19:40:36+00:00 DEBUG Tt4b_Pixel_Class::inject_add_to_cart_event: hit AddToCart
2024-11-12T19:40:36+00:00 DEBUG Tt4b_Pixel_Class::inject_add_to_cart_event: Missing option "access_token"
2024-11-12T19:41:45+00:00 DEBUG Tt4b_Pixel_Class::inject_view_content_event: hit ViewContent
2024-11-12T19:41:45+00:00 DEBUG Tt4b_Pixel_Class::inject_view_content_event: Missing option "access_token"
2024-11-12T19:41:47+00:00 DEBUG Tt4b_Pixel_Class::inject_add_to_cart_event: hit AddToCart
2024-11-12T19:41:47+00:00 DEBUG Tt4b_Pixel_Class::inject_add_to_cart_event: Missing option "access_token"
2024-11-12T19:41:52+00:00 DEBUG Tt4b_Pixel_Class::inject_add_to_cart_event: hit AddToCart
2024-11-12T19:41:52+00:00 DEBUG Tt4b_Pixel_Class::inject_add_to_cart_event: Missing option "access_token"
2024-11-12T19:41:57+00:00 DEBUG Tt4b_Pixel_Class::inject_add_to_cart_event: hit AddToCart
2024-11-12T19:41:57+00:00 DEBUG Tt4b_Pixel_Class::inject_add_to_cart_event: Missing option "access_token"
2024-11-12T19:42:02+00:00 DEBUG Tt4b_Pixel_Class::inject_add_to_cart_event: hit AddToCart
2024-11-12T19:42:02+00:00 DEBUG Tt4b_Pixel_Class::inject_add_to_cart_event: Missing option "access_token"
2024-11-12T19:42:04+00:00 DEBUG Tt4b_Pixel_Class::inject_view_content_event: hit ViewContent
2024-11-12T19:42:04+00:00 DEBUG Tt4b_Pixel_Class::inject_view_content_event: Missing option "access_token"
2024-11-12T19:42:05+00:00 DEBUG Tt4b_Pixel_Class::inject_add_to_cart_event: hit AddToCart
2024-11-12T19:42:05+00:00 DEBUG Tt4b_Pixel_Class::inject_add_to_cart_event: Missing option "access_token"
2024-11-12T19:42:10+00:00 DEBUG Tt4b_Pixel_Class::inject_add_to_cart_event: hit AddToCart
2024-11-12T19:42:10+00:00 DEBUG Tt4b_Pixel_Class::inject_add_to_cart_event: Missing option "access_token"
2024-11-12T19:42:12+00:00 DEBUG Tt4b_Pixel_Class::inject_add_to_cart_event: hit AddToCart
2024-11-12T19:42:12+00:00 DEBUG Tt4b_Pixel_Class::inject_add_to_cart_event: Missing option "access_token"
2024-11-12T19:42:23+00:00 DEBUG Tt4b_Pixel_Class::inject_initiate_checkout_event: hit InitiateCheckout
2024-11-12T19:42:23+00:00 DEBUG Tt4b_Pixel_Class::inject_initiate_checkout_event: Missing option "access_token"
2024-11-12T19:42:38+00:00 DEBUG Tt4b_Pixel_Class::inject_purchase_event: hit Purchase
2024-11-12T19:42:38+00:00 DEBUG Tt4b_Pixel_Class::inject_purchase_event: Missing option "access_token"
2024-11-12T21:14:05+00:00 DEBUG Tt4b_Pixel_Class::inject_view_content_event: hit ViewContent
2024-11-12T21:14:05+00:00 DEBUG Tt4b_Pixel_Class::inject_view_content_event: Missing option "access_token"
2024-11-12T21:14:06+00:00 DEBUG Tt4b_Pixel_Class::inject_add_to_cart_event: hit AddToCart
2024-11-12T21:14:06+00:00 DEBUG Tt4b_Pixel_Class::inject_add_to_cart_event: Missing option "access_token"
2024-11-12T21:14:11+00:00 DEBUG Tt4b_Pixel_Class::inject_add_to_cart_event: hit AddToCart
2024-11-12T21:14:11+00:00 DEBUG Tt4b_Pixel_Class::inject_add_to_cart_event: Missing option "access_token"
2024-11-12T21:14:11+00:00 DEBUG Tt4b_Pixel_Class::inject_add_to_cart_event: hit AddToCart
2024-11-12T21:14:11+00:00 DEBUG Tt4b_Pixel_Class::inject_add_to_cart_event: Missing option "access_token"
2024-11-12T21:14:18+00:00 DEBUG Tt4b_Pixel_Class::inject_add_to_cart_event: hit AddToCart
2024-11-12T21:14:18+00:00 DEBUG Tt4b_Pixel_Class::inject_add_to_cart_event: Missing option "access_token"
2024-11-12T21:14:18+00:00 DEBUG Tt4b_Pixel_Class::inject_add_to_cart_event: hit AddToCart
2024-11-12T21:14:18+00:00 DEBUG Tt4b_Pixel_Class::inject_add_to_cart_event: Missing option "access_token"
2024-11-12T21:14:26+00:00 DEBUG Tt4b_Pixel_Class::inject_initiate_checkout_event: hit InitiateCheckout
2024-11-12T21:14:26+00:00 DEBUG Tt4b_Pixel_Class::inject_initiate_checkout_event: Missing option "access_token"
2024-11-12T21:14:45+00:00 DEBUG Tt4b_Pixel_Class::inject_purchase_event: hit Purchase
2024-11-12T21:14:45+00:00 DEBUG Tt4b_Pixel_Class::inject_purchase_event: Missing option "access_token"
2024-11-12T21:50:35+00:00 DEBUG Tt4b_Pixel_Class::inject_add_to_cart_event: hit AddToCart
2024-11-12T21:50:35+00:00 DEBUG Tt4b_Pixel_Class::inject_add_to_cart_event: Missing option "access_token"
2024-11-12T21:50:44+00:00 DEBUG Tt4b_Pixel_Class::inject_initiate_checkout_event: hit InitiateCheckout
2024-11-12T21:50:44+00:00 DEBUG Tt4b_Pixel_Class::inject_initiate_checkout_event: Missing option "access_token"
2024-11-12T21:50:49+00:00 DEBUG Tt4b_Pixel_Class::inject_purchase_event: hit Purchase
2024-11-12T21:50:49+00:00 DEBUG Tt4b_Pixel_Class::inject_purchase_event: Missing option "access_token"
2024-11-12T22:09:29+00:00 DEBUG Tt4b_Pixel_Class::inject_view_content_event: hit ViewContent
2024-11-12T22:09:29+00:00 DEBUG Tt4b_Pixel_Class::inject_view_content_event: Missing option "access_token"
2024-11-12T22:09:31+00:00 DEBUG Tt4b_Pixel_Class::inject_add_to_cart_event: hit AddToCart
2024-11-12T22:09:31+00:00 DEBUG Tt4b_Pixel_Class::inject_add_to_cart_event: Missing option "access_token"
2024-11-12T22:09:34+00:00 DEBUG Tt4b_Pixel_Class::inject_add_to_cart_event: hit AddToCart
2024-11-12T22:09:34+00:00 DEBUG Tt4b_Pixel_Class::inject_add_to_cart_event: Missing option "access_token"
2024-11-12T22:09:36+00:00 DEBUG Tt4b_Pixel_Class::inject_add_to_cart_event: hit AddToCart
2024-11-12T22:09:36+00:00 DEBUG Tt4b_Pixel_Class::inject_add_to_cart_event: Missing option "access_token"
2024-11-12T22:09:50+00:00 DEBUG Tt4b_Pixel_Class::inject_initiate_checkout_event: hit InitiateCheckout
2024-11-12T22:09:50+00:00 DEBUG Tt4b_Pixel_Class::inject_initiate_checkout_event: Missing option "access_token"
2024-11-12T22:10:53+00:00 DEBUG Tt4b_Pixel_Class::inject_initiate_checkout_event: hit InitiateCheckout
2024-11-12T22:10:53+00:00 DEBUG Tt4b_Pixel_Class::inject_initiate_checkout_event: Missing option "access_token"
2024-11-12T22:10:59+00:00 DEBUG Tt4b_Pixel_Class::inject_purchase_event: hit Purchase
2024-11-12T22:10:59+00:00 DEBUG Tt4b_Pixel_Class::inject_purchase_event: Missing option "access_token"
2024-11-12T22:11:40+00:00 DEBUG Tt4b_Pixel_Class::inject_view_content_event: hit ViewContent
2024-11-12T22:11:40+00:00 DEBUG Tt4b_Pixel_Class::inject_view_content_event: Missing option "access_token"
2024-11-12T22:11:41+00:00 DEBUG Tt4b_Pixel_Class::inject_add_to_cart_event: hit AddToCart
2024-11-12T22:11:41+00:00 DEBUG Tt4b_Pixel_Class::inject_add_to_cart_event: Missing option "access_token"
2024-11-12T22:11:43+00:00 DEBUG Tt4b_Pixel_Class::inject_add_to_cart_event: hit AddToCart
2024-11-12T22:11:43+00:00 DEBUG Tt4b_Pixel_Class::inject_add_to_cart_event: Missing option "access_token"
2024-11-12T22:11:46+00:00 DEBUG Tt4b_Pixel_Class::inject_add_to_cart_event: hit AddToCart
2024-11-12T22:11:46+00:00 DEBUG Tt4b_Pixel_Class::inject_add_to_cart_event: Missing option "access_token"
2024-11-12T22:11:55+00:00 DEBUG Tt4b_Pixel_Class::inject_initiate_checkout_event: hit InitiateCheckout
2024-11-12T22:11:55+00:00 DEBUG Tt4b_Pixel_Class::inject_initiate_checkout_event: Missing option "access_token"
2024-11-12T22:12:28+00:00 DEBUG Tt4b_Pixel_Class::inject_purchase_event: hit Purchase
2024-11-12T22:12:28+00:00 DEBUG Tt4b_Pixel_Class::inject_purchase_event: Missing option "access_token"
2024-11-12T22:13:08+00:00 DEBUG Tt4b_Pixel_Class::inject_view_content_event: hit ViewContent
2024-11-12T22:13:08+00:00 DEBUG Tt4b_Pixel_Class::inject_view_content_event: Missing option "access_token"
2024-11-12T22:13:09+00:00 DEBUG Tt4b_Pixel_Class::inject_add_to_cart_event: hit AddToCart
2024-11-12T22:13:09+00:00 DEBUG Tt4b_Pixel_Class::inject_add_to_cart_event: Missing option "access_token"
2024-11-12T22:13:11+00:00 DEBUG Tt4b_Pixel_Class::inject_add_to_cart_event: hit AddToCart
2024-11-12T22:13:11+00:00 DEBUG Tt4b_Pixel_Class::inject_add_to_cart_event: Missing option "access_token"
2024-11-12T22:13:17+00:00 DEBUG Tt4b_Pixel_Class::inject_initiate_checkout_event: hit InitiateCheckout
2024-11-12T22:13:17+00:00 DEBUG Tt4b_Pixel_Class::inject_initiate_checkout_event: Missing option "access_token"
2024-11-12T22:13:24+00:00 DEBUG Tt4b_Pixel_Class::inject_purchase_event: hit Purchase
2024-11-12T22:13:24+00:00 DEBUG Tt4b_Pixel_Class::inject_purchase_event: Missing option "access_token"
2024-11-12T22:13:37+00:00 DEBUG Tt4b_Pixel_Class::inject_purchase_event: hit Purchase
2024-11-12T22:13:37+00:00 DEBUG Tt4b_Pixel_Class::inject_purchase_event: Missing option "access_token"
2024-11-12T22:14:32+00:00 DEBUG Tt4b_Pixel_Class::inject_view_content_event: hit ViewContent
2024-11-12T22:14:32+00:00 DEBUG Tt4b_Pixel_Class::inject_view_content_event: Missing option "access_token"
2024-11-12T22:14:33+00:00 DEBUG Tt4b_Pixel_Class::inject_add_to_cart_event: hit AddToCart
2024-11-12T22:14:33+00:00 DEBUG Tt4b_Pixel_Class::inject_add_to_cart_event: Missing option "access_token"
2024-11-12T22:14:38+00:00 DEBUG Tt4b_Pixel_Class::inject_add_to_cart_event: hit AddToCart
2024-11-12T22:14:38+00:00 DEBUG Tt4b_Pixel_Class::inject_add_to_cart_event: Missing option "access_token"
2024-11-12T22:14:39+00:00 DEBUG Tt4b_Pixel_Class::inject_add_to_cart_event: hit AddToCart
2024-11-12T22:14:39+00:00 DEBUG Tt4b_Pixel_Class::inject_add_to_cart_event: Missing option "access_token"
2024-11-12T22:14:43+00:00 DEBUG Tt4b_Pixel_Class::inject_add_to_cart_event: hit AddToCart
2024-11-12T22:14:43+00:00 DEBUG Tt4b_Pixel_Class::inject_add_to_cart_event: Missing option "access_token"
2024-11-12T22:14:49+00:00 DEBUG Tt4b_Pixel_Class::inject_initiate_checkout_event: hit InitiateCheckout
2024-11-12T22:14:49+00:00 DEBUG Tt4b_Pixel_Class::inject_initiate_checkout_event: Missing option "access_token"
2024-11-12T22:16:15+00:00 DEBUG Tt4b_Pixel_Class::inject_purchase_event: hit Purchase
2024-11-12T22:16:15+00:00 DEBUG Tt4b_Pixel_Class::inject_purchase_event: Missing option "access_token"
2024-11-12T22:29:04+00:00 DEBUG Tt4b_Pixel_Class::inject_view_content_event: hit ViewContent
2024-11-12T22:29:04+00:00 DEBUG Tt4b_Pixel_Class::inject_view_content_event: Missing option "access_token"
2024-11-12T22:29:05+00:00 DEBUG Tt4b_Pixel_Class::inject_add_to_cart_event: hit AddToCart
2024-11-12T22:29:05+00:00 DEBUG Tt4b_Pixel_Class::inject_add_to_cart_event: Missing option "access_token"
2024-11-12T22:29:11+00:00 DEBUG Tt4b_Pixel_Class::inject_add_to_cart_event: hit AddToCart
2024-11-12T22:29:11+00:00 DEBUG Tt4b_Pixel_Class::inject_add_to_cart_event: Missing option "access_token"
2024-11-12T22:29:28+00:00 DEBUG Tt4b_Pixel_Class::inject_add_to_cart_event: hit AddToCart
2024-11-12T22:29:28+00:00 DEBUG Tt4b_Pixel_Class::inject_add_to_cart_event: Missing option "access_token"
2024-11-12T22:29:28+00:00 DEBUG Tt4b_Pixel_Class::inject_add_to_cart_event: hit AddToCart
2024-11-12T22:29:28+00:00 DEBUG Tt4b_Pixel_Class::inject_add_to_cart_event: Missing option "access_token"
2024-11-12T22:29:33+00:00 DEBUG Tt4b_Pixel_Class::inject_add_to_cart_event: hit AddToCart
2024-11-12T22:29:33+00:00 DEBUG Tt4b_Pixel_Class::inject_add_to_cart_event: Missing option "access_token"
2024-11-12T22:29:33+00:00 DEBUG Tt4b_Pixel_Class::inject_initiate_checkout_event: hit InitiateCheckout
2024-11-12T22:29:33+00:00 DEBUG Tt4b_Pixel_Class::inject_initiate_checkout_event: Missing option "access_token"
2024-11-12T22:29:54+00:00 DEBUG Tt4b_Pixel_Class::inject_purchase_event: hit Purchase
2024-11-12T22:29:54+00:00 DEBUG Tt4b_Pixel_Class::inject_purchase_event: Missing option "access_token"
2024-11-12T22:31:10+00:00 DEBUG Tt4b_Pixel_Class::inject_view_content_event: hit ViewContent
2024-11-12T22:31:10+00:00 DEBUG Tt4b_Pixel_Class::inject_view_content_event: Missing option "access_token"
2024-11-12T22:31:11+00:00 DEBUG Tt4b_Pixel_Class::inject_add_to_cart_event: hit AddToCart
2024-11-12T22:31:11+00:00 DEBUG Tt4b_Pixel_Class::inject_add_to_cart_event: Missing option "access_token"
2024-11-12T22:31:16+00:00 DEBUG Tt4b_Pixel_Class::inject_add_to_cart_event: hit AddToCart
2024-11-12T22:31:16+00:00 DEBUG Tt4b_Pixel_Class::inject_add_to_cart_event: Missing option "access_token"
2024-11-12T22:31:18+00:00 DEBUG Tt4b_Pixel_Class::inject_add_to_cart_event: hit AddToCart
2024-11-12T22:31:18+00:00 DEBUG Tt4b_Pixel_Class::inject_add_to_cart_event: Missing option "access_token"
2024-11-12T22:31:25+00:00 DEBUG Tt4b_Pixel_Class::inject_initiate_checkout_event: hit InitiateCheckout
2024-11-12T22:31:25+00:00 DEBUG Tt4b_Pixel_Class::inject_initiate_checkout_event: Missing option "access_token"
2024-11-12T22:31:46+00:00 DEBUG Tt4b_Pixel_Class::inject_purchase_event: hit Purchase
2024-11-12T22:31:46+00:00 DEBUG Tt4b_Pixel_Class::inject_purchase_event: Missing option "access_token"
2024-11-12T22:47:45+00:00 DEBUG Tt4b_Pixel_Class::inject_purchase_event: hit Purchase
2024-11-12T22:47:45+00:00 DEBUG Tt4b_Pixel_Class::inject_purchase_event: Missing option "access_token"
2024-11-12T23:01:18+00:00 DEBUG Tt4b_Pixel_Class::inject_view_content_event: hit ViewContent
2024-11-12T23:01:18+00:00 DEBUG Tt4b_Pixel_Class::inject_view_content_event: Missing option "access_token"
2024-11-12T23:01:19+00:00 DEBUG Tt4b_Pixel_Class::inject_add_to_cart_event: hit AddToCart
2024-11-12T23:01:19+00:00 DEBUG Tt4b_Pixel_Class::inject_add_to_cart_event: Missing option "access_token"
2024-11-12T23:01:24+00:00 DEBUG Tt4b_Pixel_Class::inject_add_to_cart_event: hit AddToCart
2024-11-12T23:01:24+00:00 DEBUG Tt4b_Pixel_Class::inject_add_to_cart_event: Missing option "access_token"
2024-11-12T23:01:24+00:00 DEBUG Tt4b_Pixel_Class::inject_add_to_cart_event: hit AddToCart
2024-11-12T23:01:24+00:00 DEBUG Tt4b_Pixel_Class::inject_add_to_cart_event: Missing option "access_token"
2024-11-12T23:01:28+00:00 DEBUG Tt4b_Pixel_Class::inject_add_to_cart_event: hit AddToCart
2024-11-12T23:01:28+00:00 DEBUG Tt4b_Pixel_Class::inject_add_to_cart_event: Missing option "access_token"
2024-11-12T23:01:29+00:00 DEBUG Tt4b_Pixel_Class::inject_add_to_cart_event: hit AddToCart
2024-11-12T23:01:29+00:00 DEBUG Tt4b_Pixel_Class::inject_add_to_cart_event: Missing option "access_token"
